2022-05-18 14:05:377 INFO  ManageDriver :31 - Launching Chrome Browser
2022-05-18 19:05:929 INFO  ManageDriver :31 - Launching Chrome Browser
2022-05-18 19:05:840 INFO  ManageDriver :31 - Launching Chrome Browser
2022-05-18 19:05:920 INFO  HomePage :53 - Clicking on SignInHeader: [[ChromeDriver: chrome on WINDOWS (550c4a2a8d61622611f66206c5858bf8)] -> xpath: //a[@class='login']]
2022-05-18 19:05:986 INFO  CreateAccountPage :120 - Enter email: Prime456@gmail.com[[ChromeDriver: chrome on WINDOWS (550c4a2a8d61622611f66206c5858bf8)] -> xpath: //input[@id='email_create']]
2022-05-18 19:05:519 INFO  CreateAccountPage :101 - Clicking on CreateAccount: [[ChromeDriver: chrome on WINDOWS (550c4a2a8d61622611f66206c5858bf8)] -> xpath: //body[1]/div[1]/div[2]/div[1]/div[3]/div[1]/div[1]/div[1]/form[1]/div[1]/div[3]/button[1]/span[1]]
2022-05-18 20:05:628 INFO  ManageDriver :31 - Launching Chrome Browser
2022-05-18 20:05:341 INFO  HomePage :53 - Clicking on SignInHeader: [[ChromeDriver: chrome on WINDOWS (99d3c39460c79526264a853dfd796d72)] -> xpath: //a[@class='login']]
2022-05-18 20:05:357 INFO  ManageDriver :31 - Launching Chrome Browser
2022-05-18 20:05:638 INFO  HomePage :53 - Clicking on SignInHeader: [[ChromeDriver: chrome on WINDOWS (553e2ecd8c271d5d346a67dc4ea1e5a5)] -> xpath: //a[@class='login']]
2022-05-18 20:05:918 INFO  ManageDriver :31 - Launching Chrome Browser
2022-05-18 20:05:83 INFO  HomePage :38 - Clicking on WomenHeader: [[ChromeDriver: chrome on WINDOWS (f5f82c92dcaf3e1053a531976a0ca0ea)] -> xpath: //header/div[3]/div[1]/div[1]/div[6]/ul[1]/li[1]/a[1]]
2022-05-18 20:05:335 INFO  WomenCategoryPage :84 - getting Women text from: [[ChromeDriver: chrome on WINDOWS (f5f82c92dcaf3e1053a531976a0ca0ea)] -> xpath: //span[@class='category-name']]
2022-05-18 20:05:95 INFO  ManageDriver :31 - Launching Chrome Browser
2022-05-18 20:05:917 INFO  HomePage :53 - Clicking on SignInHeader: [[ChromeDriver: chrome on WINDOWS (b6b7a49683d98eed6f5b72a4278ad5bb)] -> xpath: //a[@class='login']]
2022-05-18 20:05:333 INFO  ManageDriver :31 - Launching Chrome Browser
2022-05-18 20:05:276 INFO  HomePage :38 - Clicking on WomenHeader: [[ChromeDriver: chrome on WINDOWS (957aa728eb42e8369af1a93e916729ee)] -> xpath: //header/div[3]/div[1]/div[1]/div[6]/ul[1]/li[1]/a[1]]
2022-05-18 20:05:778 INFO  WomenCategoryPage :56 - Clicking on Blouse: [[ChromeDriver: chrome on WINDOWS (957aa728eb42e8369af1a93e916729ee)] -> xpath: //body/div[@id='page']/div[2]/div[1]/div[3]/div[2]/ul[1]/li[2]/div[1]/div[2]/h5[1]/a[1]]
2022-05-18 20:05:815 INFO  ProductPage :72 - Clearing the Quantity: [[ChromeDriver: chrome on WINDOWS (957aa728eb42e8369af1a93e916729ee)] -> xpath: //input[@id='quantity_wanted']]
2022-05-18 20:05:237 INFO  ProductPage :78 - Enter Quantity: 2[[ChromeDriver: chrome on WINDOWS (957aa728eb42e8369af1a93e916729ee)] -> xpath: //input[@id='quantity_wanted']]
2022-05-18 20:05:520 INFO  ProductPage :83 - Selecting Size: M from dropdown [[ChromeDriver: chrome on WINDOWS (957aa728eb42e8369af1a93e916729ee)] -> xpath: //select[@id='group_1']]
2022-05-18 20:05:771 INFO  ProductPage :93 - Clicking on AddToCart: [[ChromeDriver: chrome on WINDOWS (957aa728eb42e8369af1a93e916729ee)] -> xpath: //span[contains(text(),'Add to cart')]]
2022-05-18 20:05:839 INFO  ProductPage :102 - getting Product Added To CartMessage from: [[ChromeDriver: chrome on WINDOWS (957aa728eb42e8369af1a93e916729ee)] -> xpath: //h2[normalize-space()='Product successfully added to your shopping cart']]
2022-05-18 20:05:895 INFO  ManageDriver :31 - Launching Chrome Browser
2022-05-18 20:05:880 INFO  HomePage :38 - Clicking on WomenHeader: [[ChromeDriver: chrome on WINDOWS (22fc5df4b46d065c426551b6e53c678f)] -> xpath: //header/div[3]/div[1]/div[1]/div[6]/ul[1]/li[1]/a[1]]
2022-05-18 20:05:497 INFO  WomenCategoryPage :60 - Clicking on Printed Dress: [[ChromeDriver: chrome on WINDOWS (22fc5df4b46d065c426551b6e53c678f)] -> xpath: //body/div[@id='page']/div[2]/div[1]/div[3]/div[2]/ul[1]/li[1]/div[1]/div[2]/h5[1]/a[1]]
2022-05-18 20:05:707 INFO  ProductPage :72 - Clearing the Quantity: [[ChromeDriver: chrome on WINDOWS (22fc5df4b46d065c426551b6e53c678f)] -> xpath: //input[@id='quantity_wanted']]
2022-05-18 20:05:958 INFO  ProductPage :78 - Enter Quantity: 3[[ChromeDriver: chrome on WINDOWS (22fc5df4b46d065c426551b6e53c678f)] -> xpath: //input[@id='quantity_wanted']]
2022-05-18 20:05:488 INFO  ProductPage :83 - Selecting Size: L from dropdown [[ChromeDriver: chrome on WINDOWS (22fc5df4b46d065c426551b6e53c678f)] -> xpath: //select[@id='group_1']]
2022-05-18 20:05:983 INFO  ProductPage :93 - Clicking on AddToCart: [[ChromeDriver: chrome on WINDOWS (22fc5df4b46d065c426551b6e53c678f)] -> xpath: //span[contains(text(),'Add to cart')]]
2022-05-18 20:05:87 INFO  ProductPage :102 - getting Product Added To CartMessage from: [[ChromeDriver: chrome on WINDOWS (22fc5df4b46d065c426551b6e53c678f)] -> xpath: //h2[normalize-space()='Product successfully added to your shopping cart']]
2022-05-18 20:05:753 INFO  ManageDriver :31 - Launching Chrome Browser
2022-05-18 20:05:855 INFO  HomePage :38 - Clicking on WomenHeader: [[ChromeDriver: chrome on WINDOWS (9cf4655a405b24a9b302d037d68abcea)] -> xpath: //header/div[3]/div[1]/div[1]/div[6]/ul[1]/li[1]/a[1]]
2022-05-18 20:05:877 INFO  WomenCategoryPage :65 - Clicking on Printed Chiffon Dress: [[ChromeDriver: chrome on WINDOWS (9cf4655a405b24a9b302d037d68abcea)] -> xpath: //a[contains(text(),'Printed Chiffon Dress')]]
2022-05-18 20:05:68 INFO  ProductPage :72 - Clearing the Quantity: [[ChromeDriver: chrome on WINDOWS (9cf4655a405b24a9b302d037d68abcea)] -> xpath: //input[@id='quantity_wanted']]
2022-05-18 20:05:663 INFO  ProductPage :78 - Enter Quantity: 4[[ChromeDriver: chrome on WINDOWS (9cf4655a405b24a9b302d037d68abcea)] -> xpath: //input[@id='quantity_wanted']]
2022-05-18 20:05:13 INFO  ProductPage :83 - Selecting Size: S from dropdown [[ChromeDriver: chrome on WINDOWS (9cf4655a405b24a9b302d037d68abcea)] -> xpath: //select[@id='group_1']]
2022-05-18 20:05:685 INFO  ProductPage :93 - Clicking on AddToCart: [[ChromeDriver: chrome on WINDOWS (9cf4655a405b24a9b302d037d68abcea)] -> xpath: //span[contains(text(),'Add to cart')]]
2022-05-18 20:05:87 INFO  ProductPage :102 - getting Product Added To CartMessage from: [[ChromeDriver: chrome on WINDOWS (9cf4655a405b24a9b302d037d68abcea)] -> xpath: //h2[normalize-space()='Product successfully added to your shopping cart']]
2022-05-18 20:05:654 INFO  ManageDriver :31 - Launching Chrome Browser
2022-05-18 20:05:601 INFO  HomePage :38 - Clicking on WomenHeader: [[ChromeDriver: chrome on WINDOWS (efd6d7e4ebd8edda9f57a89868d00b47)] -> xpath: //header/div[3]/div[1]/div[1]/div[6]/ul[1]/li[1]/a[1]]
2022-05-18 20:05:508 INFO  WomenCategoryPage :69 - Clicking on Printed Summer Dress with Price tag $28.98: [[ChromeDriver: chrome on WINDOWS (efd6d7e4ebd8edda9f57a89868d00b47)] -> xpath: //body/div[@id='page']/div[2]/div[1]/div[3]/div[2]/ul[1]/li[3]/div[1]/div[2]/h5[1]/a[1]]
2022-05-18 20:05:969 INFO  ProductPage :72 - Clearing the Quantity: Proxy element for: DefaultElementLocator 'By.xpath: //input[@id='quantity_wanted']'
2022-05-18 20:05:656 INFO  ManageDriver :31 - Launching Chrome Browser
2022-05-18 20:05:715 INFO  ManageDriver :31 - Launching Chrome Browser
2022-05-18 20:05:972 INFO  ManageDriver :31 - Launching Chrome Browser
2022-05-18 20:05:587 INFO  ManageDriver :31 - Launching Chrome Browser
2022-05-18 20:05:316 INFO  ManageDriver :31 - Launching Chrome Browser
2022-05-18 20:05:89 INFO  ManageDriver :31 - Launching Chrome Browser
2022-05-18 20:05:676 INFO  ManageDriver :31 - Launching Chrome Browser
2022-05-18 20:05:246 INFO  ManageDriver :31 - Launching Chrome Browser
2022-05-18 20:05:247 INFO  ManageDriver :31 - Launching Chrome Browser
2022-05-18 20:05:429 INFO  HomePage :53 - Clicking on SignInHeader: [[ChromeDriver: chrome on WINDOWS (13644c0c02438c3798e54c57273aeee5)] -> xpath: //a[@class='login']]
2022-05-18 20:05:512 INFO  SignInPage :52 - Enter email:  to email field [[ChromeDriver: chrome on WINDOWS (13644c0c02438c3798e54c57273aeee5)] -> xpath: //input[@id='email']]
2022-05-18 20:05:629 INFO  SignInPage :55 - Enter Password: 123456 to password field [[ChromeDriver: chrome on WINDOWS (13644c0c02438c3798e54c57273aeee5)] -> xpath: //input[@id='passwd']]
2022-05-18 20:05:445 INFO  SignInPage :61 - Clicking on SignIn: [[ChromeDriver: chrome on WINDOWS (13644c0c02438c3798e54c57273aeee5)] -> xpath: //body[1]/div[1]/div[2]/div[1]/div[3]/div[1]/div[1]/div[2]/form[1]/div[1]/p[2]/button[1]/span[1]]
2022-05-18 20:05:785 INFO  SignInPage :81 - getting Error text from: [[ChromeDriver: chrome on WINDOWS (13644c0c02438c3798e54c57273aeee5)] -> xpath: //div[@class='alert alert-danger']//li]
2022-05-18 20:05:902 INFO  ManageDriver :31 - Launching Chrome Browser
2022-05-18 20:05:750 INFO  HomePage :53 - Clicking on SignInHeader: [[ChromeDriver: chrome on WINDOWS (72fd7f71a5184710cd8a936fa7c68d86)] -> xpath: //a[@class='login']]
2022-05-18 20:05:207 INFO  SignInPage :52 - Enter email: abcd@gmail.com to email field [[ChromeDriver: chrome on WINDOWS (72fd7f71a5184710cd8a936fa7c68d86)] -> xpath: //input[@id='email']]
2022-05-18 20:05:300 INFO  SignInPage :55 - Enter Password:  to password field [[ChromeDriver: chrome on WINDOWS (72fd7f71a5184710cd8a936fa7c68d86)] -> xpath: //input[@id='passwd']]
2022-05-18 20:05:20 INFO  SignInPage :61 - Clicking on SignIn: [[ChromeDriver: chrome on WINDOWS (72fd7f71a5184710cd8a936fa7c68d86)] -> xpath: //body[1]/div[1]/div[2]/div[1]/div[3]/div[1]/div[1]/div[2]/form[1]/div[1]/p[2]/button[1]/span[1]]
2022-05-18 20:05:85 INFO  SignInPage :81 - getting Error text from: [[ChromeDriver: chrome on WINDOWS (72fd7f71a5184710cd8a936fa7c68d86)] -> xpath: //div[@class='alert alert-danger']//li]
2022-05-18 20:05:147 INFO  ManageDriver :31 - Launching Chrome Browser
2022-05-18 20:05:155 INFO  HomePage :53 - Clicking on SignInHeader: [[ChromeDriver: chrome on WINDOWS (92d1a6e8bbe1a8b40a844172ebc4e907)] -> xpath: //a[@class='login']]
2022-05-18 20:05:119 INFO  SignInPage :52 - Enter email: adfdfgfg to email field [[ChromeDriver: chrome on WINDOWS (92d1a6e8bbe1a8b40a844172ebc4e907)] -> xpath: //input[@id='email']]
2022-05-18 20:05:326 INFO  SignInPage :55 - Enter Password: 123456 to password field [[ChromeDriver: chrome on WINDOWS (92d1a6e8bbe1a8b40a844172ebc4e907)] -> xpath: //input[@id='passwd']]
2022-05-18 20:05:956 INFO  SignInPage :61 - Clicking on SignIn: [[ChromeDriver: chrome on WINDOWS (92d1a6e8bbe1a8b40a844172ebc4e907)] -> xpath: //body[1]/div[1]/div[2]/div[1]/div[3]/div[1]/div[1]/div[2]/form[1]/div[1]/p[2]/button[1]/span[1]]
2022-05-18 20:05:01 INFO  SignInPage :81 - getting Error text from: [[ChromeDriver: chrome on WINDOWS (92d1a6e8bbe1a8b40a844172ebc4e907)] -> xpath: //div[@class='alert alert-danger']//li]
2022-05-18 20:05:442 INFO  ManageDriver :31 - Launching Chrome Browser
2022-05-18 20:05:517 INFO  HomePage :53 - Clicking on SignInHeader: [[ChromeDriver: chrome on WINDOWS (50889e049ab46048276da39c0b8d38cb)] -> xpath: //a[@class='login']]
2022-05-18 20:05:593 INFO  SignInPage :52 - Enter email: abcd@gmail.com to email field [[ChromeDriver: chrome on WINDOWS (50889e049ab46048276da39c0b8d38cb)] -> xpath: //input[@id='email']]
2022-05-18 20:05:726 INFO  SignInPage :55 - Enter Password: 123456 to password field [[ChromeDriver: chrome on WINDOWS (50889e049ab46048276da39c0b8d38cb)] -> xpath: //input[@id='passwd']]
2022-05-18 20:05:535 INFO  SignInPage :61 - Clicking on SignIn: [[ChromeDriver: chrome on WINDOWS (50889e049ab46048276da39c0b8d38cb)] -> xpath: //body[1]/div[1]/div[2]/div[1]/div[3]/div[1]/div[1]/div[2]/form[1]/div[1]/p[2]/button[1]/span[1]]
2022-05-18 20:05:795 INFO  SignInPage :81 - getting Error text from: [[ChromeDriver: chrome on WINDOWS (50889e049ab46048276da39c0b8d38cb)] -> xpath: //div[@class='alert alert-danger']//li]
2022-05-18 20:05:987 INFO  ManageDriver :31 - Launching Chrome Browser
2022-05-18 20:05:635 INFO  HomePage :38 - Clicking on WomenHeader: [[ChromeDriver: chrome on WINDOWS (7f8c7b9ff4fc0c94b51d09a13d5fee56)] -> xpath: //header/div[3]/div[1]/div[1]/div[6]/ul[1]/li[1]/a[1]]
2022-05-18 20:05:799 INFO  WomenCategoryPage :56 - Clicking on Blouse: [[ChromeDriver: chrome on WINDOWS (7f8c7b9ff4fc0c94b51d09a13d5fee56)] -> xpath: //body/div[@id='page']/div[2]/div[1]/div[3]/div[2]/ul[1]/li[2]/div[1]/div[2]/h5[1]/a[1]]
2022-05-18 20:05:839 INFO  ProductPage :72 - Clearing the Quantity: [[ChromeDriver: chrome on WINDOWS (7f8c7b9ff4fc0c94b51d09a13d5fee56)] -> xpath: //input[@id='quantity_wanted']]
2022-05-18 20:05:90 INFO  ProductPage :78 - Enter Quantity: 2[[ChromeDriver: chrome on WINDOWS (7f8c7b9ff4fc0c94b51d09a13d5fee56)] -> xpath: //input[@id='quantity_wanted']]
2022-05-18 20:05:343 INFO  ProductPage :83 - Selecting Size: M from dropdown [[ChromeDriver: chrome on WINDOWS (7f8c7b9ff4fc0c94b51d09a13d5fee56)] -> xpath: //select[@id='group_1']]
2022-05-18 20:05:550 INFO  ProductPage :93 - Clicking on AddToCart: [[ChromeDriver: chrome on WINDOWS (7f8c7b9ff4fc0c94b51d09a13d5fee56)] -> xpath: //span[contains(text(),'Add to cart')]]
2022-05-18 20:05:635 INFO  ProductPage :102 - getting Product Added To CartMessage from: [[ChromeDriver: chrome on WINDOWS (7f8c7b9ff4fc0c94b51d09a13d5fee56)] -> xpath: //h2[normalize-space()='Product successfully added to your shopping cart']]
2022-05-18 20:05:234 INFO  ManageDriver :31 - Launching Chrome Browser
2022-05-18 20:05:486 INFO  HomePage :38 - Clicking on WomenHeader: [[ChromeDriver: chrome on WINDOWS (2ea0d900a34b8b27bbeaf3c2287f2d79)] -> xpath: //header/div[3]/div[1]/div[1]/div[6]/ul[1]/li[1]/a[1]]
2022-05-18 20:05:612 INFO  WomenCategoryPage :60 - Clicking on Printed Dress: [[ChromeDriver: chrome on WINDOWS (2ea0d900a34b8b27bbeaf3c2287f2d79)] -> xpath: //body/div[@id='page']/div[2]/div[1]/div[3]/div[2]/ul[1]/li[1]/div[1]/div[2]/h5[1]/a[1]]
2022-05-18 20:05:994 INFO  ProductPage :72 - Clearing the Quantity: [[ChromeDriver: chrome on WINDOWS (2ea0d900a34b8b27bbeaf3c2287f2d79)] -> xpath: //input[@id='quantity_wanted']]
2022-05-18 20:05:319 INFO  ProductPage :78 - Enter Quantity: 3[[ChromeDriver: chrome on WINDOWS (2ea0d900a34b8b27bbeaf3c2287f2d79)] -> xpath: //input[@id='quantity_wanted']]
2022-05-18 20:05:534 INFO  ProductPage :83 - Selecting Size: L from dropdown [[ChromeDriver: chrome on WINDOWS (2ea0d900a34b8b27bbeaf3c2287f2d79)] -> xpath: //select[@id='group_1']]
2022-05-18 20:05:781 INFO  ProductPage :93 - Clicking on AddToCart: [[ChromeDriver: chrome on WINDOWS (2ea0d900a34b8b27bbeaf3c2287f2d79)] -> xpath: //span[contains(text(),'Add to cart')]]
2022-05-18 20:05:842 INFO  ProductPage :102 - getting Product Added To CartMessage from: [[ChromeDriver: chrome on WINDOWS (2ea0d900a34b8b27bbeaf3c2287f2d79)] -> xpath: //h2[normalize-space()='Product successfully added to your shopping cart']]
2022-05-18 20:05:146 INFO  ManageDriver :31 - Launching Chrome Browser
2022-05-18 20:05:44 INFO  HomePage :38 - Clicking on WomenHeader: [[ChromeDriver: chrome on WINDOWS (728e1e6772c009b6e223f83327d2b6b4)] -> xpath: //header/div[3]/div[1]/div[1]/div[6]/ul[1]/li[1]/a[1]]
2022-05-18 20:05:226 INFO  WomenCategoryPage :65 - Clicking on Printed Chiffon Dress: [[ChromeDriver: chrome on WINDOWS (728e1e6772c009b6e223f83327d2b6b4)] -> xpath: //a[contains(text(),'Printed Chiffon Dress')]]
2022-05-18 20:05:394 INFO  ProductPage :72 - Clearing the Quantity: [[ChromeDriver: chrome on WINDOWS (728e1e6772c009b6e223f83327d2b6b4)] -> xpath: //input[@id='quantity_wanted']]
2022-05-18 20:05:773 INFO  ProductPage :78 - Enter Quantity: 4[[ChromeDriver: chrome on WINDOWS (728e1e6772c009b6e223f83327d2b6b4)] -> xpath: //input[@id='quantity_wanted']]
2022-05-18 20:05:874 INFO  ProductPage :83 - Selecting Size: S from dropdown [[ChromeDriver: chrome on WINDOWS (728e1e6772c009b6e223f83327d2b6b4)] -> xpath: //select[@id='group_1']]
2022-05-18 20:05:45 INFO  ProductPage :93 - Clicking on AddToCart: [[ChromeDriver: chrome on WINDOWS (728e1e6772c009b6e223f83327d2b6b4)] -> xpath: //span[contains(text(),'Add to cart')]]
2022-05-18 20:05:102 INFO  ProductPage :102 - getting Product Added To CartMessage from: [[ChromeDriver: chrome on WINDOWS (728e1e6772c009b6e223f83327d2b6b4)] -> xpath: //h2[normalize-space()='Product successfully added to your shopping cart']]
2022-05-18 20:05:988 INFO  ManageDriver :31 - Launching Chrome Browser
2022-05-18 20:05:859 INFO  HomePage :38 - Clicking on WomenHeader: [[ChromeDriver: chrome on WINDOWS (46e5a3547e0f2025417fa3061e035190)] -> xpath: //header/div[3]/div[1]/div[1]/div[6]/ul[1]/li[1]/a[1]]
2022-05-18 20:05:106 INFO  WomenCategoryPage :69 - Clicking on Printed Summer Dress with Price tag $28.98: [[ChromeDriver: chrome on WINDOWS (46e5a3547e0f2025417fa3061e035190)] -> xpath: //body/div[@id='page']/div[2]/div[1]/div[3]/div[2]/ul[1]/li[3]/div[1]/div[2]/h5[1]/a[1]]
2022-05-18 20:05:373 INFO  ProductPage :72 - Clearing the Quantity: [[ChromeDriver: chrome on WINDOWS (46e5a3547e0f2025417fa3061e035190)] -> xpath: //input[@id='quantity_wanted']]
2022-05-18 20:05:677 INFO  ProductPage :78 - Enter Quantity: 2[[ChromeDriver: chrome on WINDOWS (46e5a3547e0f2025417fa3061e035190)] -> xpath: //input[@id='quantity_wanted']]
2022-05-18 20:05:994 INFO  ProductPage :83 - Selecting Size: M from dropdown [[ChromeDriver: chrome on WINDOWS (46e5a3547e0f2025417fa3061e035190)] -> xpath: //select[@id='group_1']]
2022-05-18 20:05:336 INFO  ProductPage :93 - Clicking on AddToCart: [[ChromeDriver: chrome on WINDOWS (46e5a3547e0f2025417fa3061e035190)] -> xpath: //span[contains(text(),'Add to cart')]]
2022-05-18 20:05:444 INFO  ProductPage :102 - getting Product Added To CartMessage from: [[ChromeDriver: chrome on WINDOWS (46e5a3547e0f2025417fa3061e035190)] -> xpath: //h2[normalize-space()='Product successfully added to your shopping cart']]
2022-05-18 20:05:166 INFO  ManageDriver :31 - Launching Chrome Browser
2022-05-18 20:05:476 INFO  HomePage :53 - Clicking on SignInHeader: [[ChromeDriver: chrome on WINDOWS (e946a35db39f67bcfb6dce3a4e882f5f)] -> xpath: //a[@class='login']]
2022-05-18 20:05:943 INFO  SignInPage :52 - Enter email:  to email field [[ChromeDriver: chrome on WINDOWS (e946a35db39f67bcfb6dce3a4e882f5f)] -> xpath: //input[@id='email']]
2022-05-18 20:05:66 INFO  SignInPage :55 - Enter Password: 123456 to password field [[ChromeDriver: chrome on WINDOWS (e946a35db39f67bcfb6dce3a4e882f5f)] -> xpath: //input[@id='passwd']]
2022-05-18 20:05:448 INFO  SignInPage :61 - Clicking on SignIn: [[ChromeDriver: chrome on WINDOWS (e946a35db39f67bcfb6dce3a4e882f5f)] -> xpath: //body[1]/div[1]/div[2]/div[1]/div[3]/div[1]/div[1]/div[2]/form[1]/div[1]/p[2]/button[1]/span[1]]
2022-05-18 20:05:538 INFO  SignInPage :81 - getting Error text from: [[ChromeDriver: chrome on WINDOWS (e946a35db39f67bcfb6dce3a4e882f5f)] -> xpath: //div[@class='alert alert-danger']//li]
2022-05-18 20:05:17 INFO  ManageDriver :31 - Launching Chrome Browser
2022-05-18 20:05:631 INFO  HomePage :53 - Clicking on SignInHeader: [[ChromeDriver: chrome on WINDOWS (1ab7c83a1d6ee51fd07141858c21a24a)] -> xpath: //a[@class='login']]
2022-05-18 20:05:647 INFO  SignInPage :52 - Enter email: abcd@gmail.com to email field [[ChromeDriver: chrome on WINDOWS (1ab7c83a1d6ee51fd07141858c21a24a)] -> xpath: //input[@id='email']]
2022-05-18 20:05:481 INFO  SignInPage :55 - Enter Password:  to password field [[ChromeDriver: chrome on WINDOWS (1ab7c83a1d6ee51fd07141858c21a24a)] -> xpath: //input[@id='passwd']]
2022-05-18 20:05:842 INFO  SignInPage :61 - Clicking on SignIn: [[ChromeDriver: chrome on WINDOWS (1ab7c83a1d6ee51fd07141858c21a24a)] -> xpath: //body[1]/div[1]/div[2]/div[1]/div[3]/div[1]/div[1]/div[2]/form[1]/div[1]/p[2]/button[1]/span[1]]
2022-05-18 20:05:72 INFO  SignInPage :81 - getting Error text from: [[ChromeDriver: chrome on WINDOWS (1ab7c83a1d6ee51fd07141858c21a24a)] -> xpath: //div[@class='alert alert-danger']//li]
2022-05-18 20:05:500 INFO  ManageDriver :31 - Launching Chrome Browser
2022-05-18 20:05:354 INFO  HomePage :53 - Clicking on SignInHeader: [[ChromeDriver: chrome on WINDOWS (df134cbb7f2831d3b39f34c91d9732dc)] -> xpath: //a[@class='login']]
2022-05-18 20:05:110 INFO  SignInPage :52 - Enter email: adfdfgfg to email field [[ChromeDriver: chrome on WINDOWS (df134cbb7f2831d3b39f34c91d9732dc)] -> xpath: //input[@id='email']]
2022-05-18 20:05:194 INFO  SignInPage :55 - Enter Password: 123456 to password field [[ChromeDriver: chrome on WINDOWS (df134cbb7f2831d3b39f34c91d9732dc)] -> xpath: //input[@id='passwd']]
2022-05-18 20:05:320 INFO  SignInPage :61 - Clicking on SignIn: [[ChromeDriver: chrome on WINDOWS (df134cbb7f2831d3b39f34c91d9732dc)] -> xpath: //body[1]/div[1]/div[2]/div[1]/div[3]/div[1]/div[1]/div[2]/form[1]/div[1]/p[2]/button[1]/span[1]]
2022-05-18 20:05:464 INFO  SignInPage :81 - getting Error text from: [[ChromeDriver: chrome on WINDOWS (df134cbb7f2831d3b39f34c91d9732dc)] -> xpath: //div[@class='alert alert-danger']//li]
2022-05-18 20:05:963 INFO  ManageDriver :31 - Launching Chrome Browser
2022-05-18 20:05:441 INFO  HomePage :53 - Clicking on SignInHeader: [[ChromeDriver: chrome on WINDOWS (a46e78593b9f4901d935ed0a2bfda36e)] -> xpath: //a[@class='login']]
2022-05-18 20:05:358 INFO  SignInPage :52 - Enter email: abcd@gmail.com to email field [[ChromeDriver: chrome on WINDOWS (a46e78593b9f4901d935ed0a2bfda36e)] -> xpath: //input[@id='email']]
2022-05-18 20:05:450 INFO  SignInPage :55 - Enter Password: 123456 to password field [[ChromeDriver: chrome on WINDOWS (a46e78593b9f4901d935ed0a2bfda36e)] -> xpath: //input[@id='passwd']]
2022-05-18 20:05:436 INFO  SignInPage :61 - Clicking on SignIn: [[ChromeDriver: chrome on WINDOWS (a46e78593b9f4901d935ed0a2bfda36e)] -> xpath: //body[1]/div[1]/div[2]/div[1]/div[3]/div[1]/div[1]/div[2]/form[1]/div[1]/p[2]/button[1]/span[1]]
2022-05-18 20:05:654 INFO  SignInPage :81 - getting Error text from: [[ChromeDriver: chrome on WINDOWS (a46e78593b9f4901d935ed0a2bfda36e)] -> xpath: //div[@class='alert alert-danger']//li]
2022-05-18 20:05:863 INFO  ManageDriver :31 - Launching Chrome Browser
2022-05-18 20:05:714 INFO  HomePage :53 - Clicking on SignInHeader: [[ChromeDriver: chrome on WINDOWS (9afd8f848c3aa730ac28c0b1ecb35163)] -> xpath: //a[@class='login']]
2022-05-18 20:05:419 INFO  SignInPage :52 - Enter email: Prime456@gmail.com to email field [[ChromeDriver: chrome on WINDOWS (9afd8f848c3aa730ac28c0b1ecb35163)] -> xpath: //input[@id='email']]
2022-05-18 20:05:626 INFO  SignInPage :55 - Enter Password: Prime455 to password field [[ChromeDriver: chrome on WINDOWS (9afd8f848c3aa730ac28c0b1ecb35163)] -> xpath: //input[@id='passwd']]
2022-05-18 20:05:194 INFO  SignInPage :61 - Clicking on SignIn: [[ChromeDriver: chrome on WINDOWS (9afd8f848c3aa730ac28c0b1ecb35163)] -> xpath: //body[1]/div[1]/div[2]/div[1]/div[3]/div[1]/div[1]/div[2]/form[1]/div[1]/p[2]/button[1]/span[1]]
2022-05-18 20:05:472 INFO  SignInPage :89 - getting signout from: Proxy element for: DefaultElementLocator 'By.xpath: //a[@title='Log me out']'
2022-05-18 20:05:908 INFO  ManageDriver :31 - Launching Chrome Browser
2022-05-18 20:05:58 INFO  HomePage :53 - Clicking on SignInHeader: [[ChromeDriver: chrome on WINDOWS (d527cf403de58d0747cb3a1de0641d7f)] -> xpath: //a[@class='login']]
2022-05-18 20:05:639 INFO  SignInPage :52 - Enter email: Prime456@gail.com to email field [[ChromeDriver: chrome on WINDOWS (d527cf403de58d0747cb3a1de0641d7f)] -> xpath: //input[@id='email']]
2022-05-18 20:05:347 INFO  SignInPage :55 - Enter Password: Prime456 to password field [[ChromeDriver: chrome on WINDOWS (d527cf403de58d0747cb3a1de0641d7f)] -> xpath: //input[@id='passwd']]
2022-05-18 20:05:735 INFO  SignInPage :61 - Clicking on SignIn: [[ChromeDriver: chrome on WINDOWS (d527cf403de58d0747cb3a1de0641d7f)] -> xpath: //body[1]/div[1]/div[2]/div[1]/div[3]/div[1]/div[1]/div[2]/form[1]/div[1]/p[2]/button[1]/span[1]]
2022-05-18 20:05:640 INFO  SignInPage :86 - Clicking on SignOutLink[[ChromeDriver: chrome on WINDOWS (d527cf403de58d0747cb3a1de0641d7f)] -> xpath: //header/div[2]/div[1]/div[1]/nav[1]/div[2]/a[1]]
2022-05-18 20:05:691 INFO  SignInPage :93 - getting signIn text from: [[ChromeDriver: chrome on WINDOWS (d527cf403de58d0747cb3a1de0641d7f)] -> xpath: //a[contains(text(),'Sign in')]]
2022-05-19 10:05:468 INFO  ManageDriver :31 - Launching Chrome Browser
2022-05-19 10:05:249 INFO  HomePage :53 - Clicking on SignInHeader: [[ChromeDriver: chrome on WINDOWS (afc3b010b8c7d2d6844c33c72398a518)] -> xpath: //a[@class='login']]
2022-05-19 10:05:608 INFO  CreateAccountPage :120 - Enter email: Prime456@gmail.com[[ChromeDriver: chrome on WINDOWS (afc3b010b8c7d2d6844c33c72398a518)] -> xpath: //input[@id='email_create']]
2022-05-19 10:05:687 INFO  CreateAccountPage :101 - Clicking on CreateAccount: [[ChromeDriver: chrome on WINDOWS (afc3b010b8c7d2d6844c33c72398a518)] -> xpath: //body[1]/div[1]/div[2]/div[1]/div[3]/div[1]/div[1]/div[1]/form[1]/div[1]/div[3]/button[1]/span[1]]
2022-05-19 10:05:617 INFO  ManageDriver :31 - Launching Chrome Browser
2022-05-19 10:05:70 INFO  HomePage :53 - Clicking on SignInHeader: [[ChromeDriver: chrome on WINDOWS (a2ae7f4e9483eae22798ec9d456d8fb5)] -> xpath: //a[@class='login']]
2022-05-19 10:05:124 INFO  ManageDriver :31 - Launching Chrome Browser
2022-05-19 10:05:817 INFO  HomePage :53 - Clicking on SignInHeader: [[ChromeDriver: chrome on WINDOWS (af77611599e7f0615791403985a26b66)] -> xpath: //a[@class='login']]
2022-05-19 10:05:886 INFO  SignInPage :52 - Enter email:  to email field [[ChromeDriver: chrome on WINDOWS (af77611599e7f0615791403985a26b66)] -> xpath: //input[@id='email']]
2022-05-19 10:05:963 INFO  SignInPage :55 - Enter Password: 123456 to password field [[ChromeDriver: chrome on WINDOWS (af77611599e7f0615791403985a26b66)] -> xpath: //input[@id='passwd']]
2022-05-19 10:05:593 INFO  SignInPage :61 - Clicking on SignIn: [[ChromeDriver: chrome on WINDOWS (af77611599e7f0615791403985a26b66)] -> xpath: //body[1]/div[1]/div[2]/div[1]/div[3]/div[1]/div[1]/div[2]/form[1]/div[1]/p[2]/button[1]/span[1]]
2022-05-19 10:05:616 INFO  SignInPage :81 - getting Error text from: [[ChromeDriver: chrome on WINDOWS (af77611599e7f0615791403985a26b66)] -> xpath: //div[@class='alert alert-danger']//li]
2022-05-19 10:05:552 INFO  ManageDriver :31 - Launching Chrome Browser
2022-05-19 10:05:261 INFO  HomePage :53 - Clicking on SignInHeader: [[ChromeDriver: chrome on WINDOWS (7b2c102f05fc1a10ece64ce53af9ac93)] -> xpath: //a[@class='login']]
2022-05-19 10:05:416 INFO  SignInPage :52 - Enter email: abcd@gmail.com to email field [[ChromeDriver: chrome on WINDOWS (7b2c102f05fc1a10ece64ce53af9ac93)] -> xpath: //input[@id='email']]
2022-05-19 10:05:449 INFO  SignInPage :55 - Enter Password:  to password field [[ChromeDriver: chrome on WINDOWS (7b2c102f05fc1a10ece64ce53af9ac93)] -> xpath: //input[@id='passwd']]
2022-05-19 10:05:795 INFO  SignInPage :61 - Clicking on SignIn: [[ChromeDriver: chrome on WINDOWS (7b2c102f05fc1a10ece64ce53af9ac93)] -> xpath: //body[1]/div[1]/div[2]/div[1]/div[3]/div[1]/div[1]/div[2]/form[1]/div[1]/p[2]/button[1]/span[1]]
2022-05-19 10:05:818 INFO  SignInPage :81 - getting Error text from: [[ChromeDriver: chrome on WINDOWS (7b2c102f05fc1a10ece64ce53af9ac93)] -> xpath: //div[@class='alert alert-danger']//li]
2022-05-19 10:05:729 INFO  ManageDriver :31 - Launching Chrome Browser
2022-05-19 10:05:553 INFO  HomePage :53 - Clicking on SignInHeader: [[ChromeDriver: chrome on WINDOWS (968d2486a9113e322651b7432a9be2bb)] -> xpath: //a[@class='login']]
2022-05-19 10:05:673 INFO  SignInPage :52 - Enter email: adfdfgfg to email field [[ChromeDriver: chrome on WINDOWS (968d2486a9113e322651b7432a9be2bb)] -> xpath: //input[@id='email']]
2022-05-19 10:05:723 INFO  SignInPage :55 - Enter Password: 123456 to password field [[ChromeDriver: chrome on WINDOWS (968d2486a9113e322651b7432a9be2bb)] -> xpath: //input[@id='passwd']]
2022-05-19 10:05:647 INFO  SignInPage :61 - Clicking on SignIn: [[ChromeDriver: chrome on WINDOWS (968d2486a9113e322651b7432a9be2bb)] -> xpath: //body[1]/div[1]/div[2]/div[1]/div[3]/div[1]/div[1]/div[2]/form[1]/div[1]/p[2]/button[1]/span[1]]
2022-05-19 10:05:668 INFO  SignInPage :81 - getting Error text from: [[ChromeDriver: chrome on WINDOWS (968d2486a9113e322651b7432a9be2bb)] -> xpath: //div[@class='alert alert-danger']//li]
2022-05-19 10:05:635 INFO  ManageDriver :31 - Launching Chrome Browser
2022-05-19 10:05:608 INFO  HomePage :53 - Clicking on SignInHeader: [[ChromeDriver: chrome on WINDOWS (e3ccd08cf2829ad750b6afa8f8221157)] -> xpath: //a[@class='login']]
2022-05-19 10:05:765 INFO  SignInPage :52 - Enter email: abcd@gmail.com to email field [[ChromeDriver: chrome on WINDOWS (e3ccd08cf2829ad750b6afa8f8221157)] -> xpath: //input[@id='email']]
2022-05-19 10:05:787 INFO  SignInPage :55 - Enter Password: 123456 to password field [[ChromeDriver: chrome on WINDOWS (e3ccd08cf2829ad750b6afa8f8221157)] -> xpath: //input[@id='passwd']]
2022-05-19 10:05:988 INFO  SignInPage :61 - Clicking on SignIn: [[ChromeDriver: chrome on WINDOWS (e3ccd08cf2829ad750b6afa8f8221157)] -> xpath: //body[1]/div[1]/div[2]/div[1]/div[3]/div[1]/div[1]/div[2]/form[1]/div[1]/p[2]/button[1]/span[1]]
2022-05-19 10:05:12 INFO  SignInPage :81 - getting Error text from: [[ChromeDriver: chrome on WINDOWS (e3ccd08cf2829ad750b6afa8f8221157)] -> xpath: //div[@class='alert alert-danger']//li]
2022-05-19 10:05:33 INFO  ManageDriver :31 - Launching Chrome Browser
2022-05-19 10:05:846 INFO  HomePage :53 - Clicking on SignInHeader: [[ChromeDriver: chrome on WINDOWS (deac9ca9d8eb8a669d56ffb115b690a4)] -> xpath: //a[@class='login']]
2022-05-19 10:05:984 INFO  SignInPage :52 - Enter email: Prime456@gmail.com to email field [[ChromeDriver: chrome on WINDOWS (deac9ca9d8eb8a669d56ffb115b690a4)] -> xpath: //input[@id='email']]
2022-05-19 10:05:05 INFO  SignInPage :55 - Enter Password: Prime455 to password field [[ChromeDriver: chrome on WINDOWS (deac9ca9d8eb8a669d56ffb115b690a4)] -> xpath: //input[@id='passwd']]
2022-05-19 10:05:96 INFO  SignInPage :61 - Clicking on SignIn: [[ChromeDriver: chrome on WINDOWS (deac9ca9d8eb8a669d56ffb115b690a4)] -> xpath: //body[1]/div[1]/div[2]/div[1]/div[3]/div[1]/div[1]/div[2]/form[1]/div[1]/p[2]/button[1]/span[1]]
2022-05-19 10:05:129 INFO  SignInPage :89 - getting signout from: Proxy element for: DefaultElementLocator 'By.xpath: //a[@title='Log me out']'
2022-05-19 10:05:931 INFO  ManageDriver :31 - Launching Chrome Browser
2022-05-19 10:05:250 INFO  HomePage :53 - Clicking on SignInHeader: [[ChromeDriver: chrome on WINDOWS (71ea5c44f19a9af06a694b6a340c2f17)] -> xpath: //a[@class='login']]
2022-05-19 10:05:414 INFO  SignInPage :52 - Enter email: Prime456@gail.com to email field [[ChromeDriver: chrome on WINDOWS (71ea5c44f19a9af06a694b6a340c2f17)] -> xpath: //input[@id='email']]
2022-05-19 10:05:434 INFO  SignInPage :55 - Enter Password: Prime456 to password field [[ChromeDriver: chrome on WINDOWS (71ea5c44f19a9af06a694b6a340c2f17)] -> xpath: //input[@id='passwd']]
2022-05-19 10:05:823 INFO  SignInPage :61 - Clicking on SignIn: [[ChromeDriver: chrome on WINDOWS (71ea5c44f19a9af06a694b6a340c2f17)] -> xpath: //body[1]/div[1]/div[2]/div[1]/div[3]/div[1]/div[1]/div[2]/form[1]/div[1]/p[2]/button[1]/span[1]]
2022-05-19 10:05:162 INFO  SignInPage :86 - Clicking on SignOutLink[[ChromeDriver: chrome on WINDOWS (71ea5c44f19a9af06a694b6a340c2f17)] -> xpath: //header/div[2]/div[1]/div[1]/nav[1]/div[2]/a[1]]
2022-05-19 10:05:185 INFO  SignInPage :93 - getting signIn text from: [[ChromeDriver: chrome on WINDOWS (71ea5c44f19a9af06a694b6a340c2f17)] -> xpath: //a[contains(text(),'Sign in')]]
2022-05-19 10:05:236 INFO  ManageDriver :31 - Launching Chrome Browser
2022-05-19 10:05:800 INFO  HomePage :38 - Clicking on WomenHeader: [[ChromeDriver: chrome on WINDOWS (565879ff705f908632f5b568b415a726)] -> xpath: //header/div[3]/div[1]/div[1]/div[6]/ul[1]/li[1]/a[1]]
2022-05-19 10:05:822 INFO  WomenCategoryPage :84 - getting Women text from: [[ChromeDriver: chrome on WINDOWS (565879ff705f908632f5b568b415a726)] -> xpath: //span[@class='category-name']]
2022-05-19 10:05:760 INFO  ManageDriver :31 - Launching Chrome Browser
2022-05-19 10:05:42 INFO  HomePage :38 - Clicking on WomenHeader: [[ChromeDriver: chrome on WINDOWS (453a6d5b3ca812b2a2f0a03ac9f14dce)] -> xpath: //header/div[3]/div[1]/div[1]/div[6]/ul[1]/li[1]/a[1]]
2022-05-19 10:05:618 INFO  WomenCategoryPage :56 - Clicking on Blouse: [[ChromeDriver: chrome on WINDOWS (453a6d5b3ca812b2a2f0a03ac9f14dce)] -> xpath: //body/div[@id='page']/div[2]/div[1]/div[3]/div[2]/ul[1]/li[2]/div[1]/div[2]/h5[1]/a[1]]
2022-05-19 10:05:644 INFO  ProductPage :72 - Clearing the Quantity: [[ChromeDriver: chrome on WINDOWS (453a6d5b3ca812b2a2f0a03ac9f14dce)] -> xpath: //input[@id='quantity_wanted']]
2022-05-19 10:05:734 INFO  ProductPage :78 - Enter Quantity: 2[[ChromeDriver: chrome on WINDOWS (453a6d5b3ca812b2a2f0a03ac9f14dce)] -> xpath: //input[@id='quantity_wanted']]
2022-05-19 10:05:946 INFO  ProductPage :83 - Selecting Size: M from dropdown [[ChromeDriver: chrome on WINDOWS (453a6d5b3ca812b2a2f0a03ac9f14dce)] -> xpath: //select[@id='group_1']]
2022-05-19 10:05:51 INFO  ProductPage :93 - Clicking on AddToCart: [[ChromeDriver: chrome on WINDOWS (453a6d5b3ca812b2a2f0a03ac9f14dce)] -> xpath: //span[contains(text(),'Add to cart')]]
2022-05-19 10:05:75 INFO  ProductPage :102 - getting Product Added To CartMessage from: [[ChromeDriver: chrome on WINDOWS (453a6d5b3ca812b2a2f0a03ac9f14dce)] -> xpath: //h2[normalize-space()='Product successfully added to your shopping cart']]
2022-05-19 10:05:533 INFO  ManageDriver :31 - Launching Chrome Browser
2022-05-19 10:05:168 INFO  HomePage :38 - Clicking on WomenHeader: [[ChromeDriver: chrome on WINDOWS (80aa99cae1dd46acc12f270b1cf4f427)] -> xpath: //header/div[3]/div[1]/div[1]/div[6]/ul[1]/li[1]/a[1]]
2022-05-19 10:05:194 INFO  WomenCategoryPage :60 - Clicking on Printed Dress: [[ChromeDriver: chrome on WINDOWS (80aa99cae1dd46acc12f270b1cf4f427)] -> xpath: //body/div[@id='page']/div[2]/div[1]/div[3]/div[2]/ul[1]/li[1]/div[1]/div[2]/h5[1]/a[1]]
2022-05-19 10:05:741 INFO  ProductPage :72 - Clearing the Quantity: [[ChromeDriver: chrome on WINDOWS (80aa99cae1dd46acc12f270b1cf4f427)] -> xpath: //input[@id='quantity_wanted']]
2022-05-19 10:05:844 INFO  ProductPage :78 - Enter Quantity: 3[[ChromeDriver: chrome on WINDOWS (80aa99cae1dd46acc12f270b1cf4f427)] -> xpath: //input[@id='quantity_wanted']]
2022-05-19 10:05:944 INFO  ProductPage :83 - Selecting Size: L from dropdown [[ChromeDriver: chrome on WINDOWS (80aa99cae1dd46acc12f270b1cf4f427)] -> xpath: //select[@id='group_1']]
2022-05-19 10:05:27 INFO  ProductPage :93 - Clicking on AddToCart: [[ChromeDriver: chrome on WINDOWS (80aa99cae1dd46acc12f270b1cf4f427)] -> xpath: //span[contains(text(),'Add to cart')]]
2022-05-19 10:05:51 INFO  ProductPage :102 - getting Product Added To CartMessage from: [[ChromeDriver: chrome on WINDOWS (80aa99cae1dd46acc12f270b1cf4f427)] -> xpath: //h2[normalize-space()='Product successfully added to your shopping cart']]
2022-05-19 10:05:414 INFO  ManageDriver :31 - Launching Chrome Browser
2022-05-19 10:05:822 INFO  HomePage :38 - Clicking on WomenHeader: [[ChromeDriver: chrome on WINDOWS (dc35c03f4982fb0e214e5d4aaf80afee)] -> xpath: //header/div[3]/div[1]/div[1]/div[6]/ul[1]/li[1]/a[1]]
2022-05-19 10:05:724 INFO  WomenCategoryPage :65 - Clicking on Printed Chiffon Dress: [[ChromeDriver: chrome on WINDOWS (dc35c03f4982fb0e214e5d4aaf80afee)] -> xpath: //a[contains(text(),'Printed Chiffon Dress')]]
2022-05-19 10:05:744 INFO  ProductPage :72 - Clearing the Quantity: [[ChromeDriver: chrome on WINDOWS (dc35c03f4982fb0e214e5d4aaf80afee)] -> xpath: //input[@id='quantity_wanted']]
2022-05-19 10:05:842 INFO  ProductPage :78 - Enter Quantity: 4[[ChromeDriver: chrome on WINDOWS (dc35c03f4982fb0e214e5d4aaf80afee)] -> xpath: //input[@id='quantity_wanted']]
2022-05-19 10:05:891 INFO  ProductPage :83 - Selecting Size: S from dropdown [[ChromeDriver: chrome on WINDOWS (dc35c03f4982fb0e214e5d4aaf80afee)] -> xpath: //select[@id='group_1']]
2022-05-19 10:05:971 INFO  ProductPage :93 - Clicking on AddToCart: [[ChromeDriver: chrome on WINDOWS (dc35c03f4982fb0e214e5d4aaf80afee)] -> xpath: //span[contains(text(),'Add to cart')]]
2022-05-19 10:05:999 INFO  ProductPage :102 - getting Product Added To CartMessage from: [[ChromeDriver: chrome on WINDOWS (dc35c03f4982fb0e214e5d4aaf80afee)] -> xpath: //h2[normalize-space()='Product successfully added to your shopping cart']]
2022-05-19 10:05:337 INFO  ManageDriver :31 - Launching Chrome Browser
2022-05-19 10:05:888 INFO  HomePage :38 - Clicking on WomenHeader: [[ChromeDriver: chrome on WINDOWS (6fb6e7c9f9a3c2d2a4d3b5c987273dc6)] -> xpath: //header/div[3]/div[1]/div[1]/div[6]/ul[1]/li[1]/a[1]]
2022-05-19 10:05:102 INFO  WomenCategoryPage :69 - Clicking on Printed Summer Dress with Price tag $28.98: [[ChromeDriver: chrome on WINDOWS (6fb6e7c9f9a3c2d2a4d3b5c987273dc6)] -> xpath: //body/div[@id='page']/div[2]/div[1]/div[3]/div[2]/ul[1]/li[3]/div[1]/div[2]/h5[1]/a[1]]
2022-05-19 10:05:161 INFO  ProductPage :72 - Clearing the Quantity: [[ChromeDriver: chrome on WINDOWS (6fb6e7c9f9a3c2d2a4d3b5c987273dc6)] -> xpath: //input[@id='quantity_wanted']]
2022-05-19 10:05:249 INFO  ProductPage :78 - Enter Quantity: 2[[ChromeDriver: chrome on WINDOWS (6fb6e7c9f9a3c2d2a4d3b5c987273dc6)] -> xpath: //input[@id='quantity_wanted']]
2022-05-19 10:05:343 INFO  ProductPage :83 - Selecting Size: M from dropdown [[ChromeDriver: chrome on WINDOWS (6fb6e7c9f9a3c2d2a4d3b5c987273dc6)] -> xpath: //select[@id='group_1']]
2022-05-19 10:05:411 INFO  ProductPage :93 - Clicking on AddToCart: [[ChromeDriver: chrome on WINDOWS (6fb6e7c9f9a3c2d2a4d3b5c987273dc6)] -> xpath: //span[contains(text(),'Add to cart')]]
2022-05-19 10:05:465 INFO  ProductPage :102 - getting Product Added To CartMessage from: [[ChromeDriver: chrome on WINDOWS (6fb6e7c9f9a3c2d2a4d3b5c987273dc6)] -> xpath: //h2[normalize-space()='Product successfully added to your shopping cart']]
2022-05-19 10:05:91 INFO  ManageDriver :31 - Launching Chrome Browser
2022-05-19 10:05:383 INFO  HomePage :53 - Clicking on SignInHeader: [[ChromeDriver: chrome on WINDOWS (44ca77e00bd5b50bb75de4694097883a)] -> xpath: //a[@class='login']]
2022-05-19 10:05:564 INFO  CreateAccountPage :120 - Enter email: Prime45688@gmail.com[[ChromeDriver: chrome on WINDOWS (44ca77e00bd5b50bb75de4694097883a)] -> xpath: //input[@id='email_create']]
2022-05-19 10:05:718 INFO  CreateAccountPage :101 - Clicking on CreateAccount: [[ChromeDriver: chrome on WINDOWS (44ca77e00bd5b50bb75de4694097883a)] -> xpath: //body[1]/div[1]/div[2]/div[1]/div[3]/div[1]/div[1]/div[1]/form[1]/div[1]/div[3]/button[1]/span[1]]
2022-05-19 10:05:850 INFO  CreateAccountPage :106 - Clicking on Gender button: [[ChromeDriver: chrome on WINDOWS (44ca77e00bd5b50bb75de4694097883a)] -> xpath: //input[@id='id_gender2']]
2022-05-19 10:05:985 INFO  CreateAccountPage :159 - Enter Firstname: Pooja[[ChromeDriver: chrome on WINDOWS (44ca77e00bd5b50bb75de4694097883a)] -> xpath: //input[@id='firstname']]
2022-05-19 10:05:112 INFO  CreateAccountPage :164 - Enter address Lastname: Patel[[ChromeDriver: chrome on WINDOWS (44ca77e00bd5b50bb75de4694097883a)] -> xpath: //input[@id='lastname']]
2022-05-19 10:05:218 INFO  CreateAccountPage :129 - Enter Password: Prime456[[ChromeDriver: chrome on WINDOWS (44ca77e00bd5b50bb75de4694097883a)] -> xpath: //input[@id='passwd']]
2022-05-19 10:05:328 INFO  CreateAccountPage :134 - Selecting day28 from dropdown [[ChromeDriver: chrome on WINDOWS (44ca77e00bd5b50bb75de4694097883a)] -> xpath: //select[@id='days']]
2022-05-19 10:05:462 INFO  CreateAccountPage :139 - Selecting Month: 12 from dropdown [[ChromeDriver: chrome on WINDOWS (44ca77e00bd5b50bb75de4694097883a)] -> id: months]
2022-05-19 10:05:553 INFO  CreateAccountPage :144 - Selecting Year: 1999 from dropdown [[ChromeDriver: chrome on WINDOWS (44ca77e00bd5b50bb75de4694097883a)] -> id: years]
2022-05-19 10:05:664 INFO  CreateAccountPage :110 - Enter firstname: Mrs Pooja[[ChromeDriver: chrome on WINDOWS (44ca77e00bd5b50bb75de4694097883a)] -> xpath: //input[@id='customer_firstname']]
2022-05-19 10:05:760 INFO  CreateAccountPage :115 - Enter LastName: Patel[[ChromeDriver: chrome on WINDOWS (44ca77e00bd5b50bb75de4694097883a)] -> xpath: //input[@id='customer_lastname']]
2022-05-19 10:05:870 INFO  CreateAccountPage :169 - Enter address Company: Prime Testing[[ChromeDriver: chrome on WINDOWS (44ca77e00bd5b50bb75de4694097883a)] -> xpath: //input[@id='company']]
2022-05-19 10:05:03 INFO  CreateAccountPage :174 - Enter address : 10,west town[[ChromeDriver: chrome on WINDOWS (44ca77e00bd5b50bb75de4694097883a)] -> xpath: //input[@id='address1']]
2022-05-19 10:05:113 INFO  CreateAccountPage :184 - Enter address City: Arizona[[ChromeDriver: chrome on WINDOWS (44ca77e00bd5b50bb75de4694097883a)] -> xpath: //input[@id='city']]
2022-05-19 10:05:201 INFO  CreateAccountPage :189 - Select address State: Arizona[[ChromeDriver: chrome on WINDOWS (44ca77e00bd5b50bb75de4694097883a)] -> xpath: //select[@id='id_state']]
2022-05-19 10:05:292 INFO  CreateAccountPage :194 - Enter address ZipCode: 12345[[ChromeDriver: chrome on WINDOWS (44ca77e00bd5b50bb75de4694097883a)] -> xpath: //input[@id='postcode']]
2022-05-19 10:05:345 INFO  CreateAccountPage :199 - Selecting address Country: United States from dropdown [[ChromeDriver: chrome on WINDOWS (44ca77e00bd5b50bb75de4694097883a)] -> xpath: //select[@id='id_country']]
2022-05-19 10:05:461 INFO  CreateAccountPage :204 - Enter address AddInfo: Please send the confirmation email.[[ChromeDriver: chrome on WINDOWS (44ca77e00bd5b50bb75de4694097883a)] -> xpath: //textarea[@id='other']]
2022-05-19 10:05:550 INFO  CreateAccountPage :209 - Enter address Homephone: 9824054322[[ChromeDriver: chrome on WINDOWS (44ca77e00bd5b50bb75de4694097883a)] -> xpath: //input[@id='phone']]
2022-05-19 10:05:656 INFO  CreateAccountPage :214 - Enter address Mobile phone: 986794322[[ChromeDriver: chrome on WINDOWS (44ca77e00bd5b50bb75de4694097883a)] -> xpath: //input[@id='phone_mobile']]
2022-05-19 10:05:764 INFO  CreateAccountPage :219 - Enter address for futureRef: 10,Liverpool Street[[ChromeDriver: chrome on WINDOWS (44ca77e00bd5b50bb75de4694097883a)] -> xpath: //input[@id='alias']]
2022-05-19 10:05:950 INFO  CreateAccountPage :224 - Clicking on Register: [[ChromeDriver: chrome on WINDOWS (44ca77e00bd5b50bb75de4694097883a)] -> xpath: //body[1]/div[1]/div[2]/div[1]/div[3]/div[1]/div[1]/form[1]/div[4]/button[1]/span[1]]
2022-05-19 10:05:972 INFO  CreateAccountPage :228 - Verifying my account text: [[ChromeDriver: chrome on WINDOWS (44ca77e00bd5b50bb75de4694097883a)] -> xpath: //h1[contains(text(),'My account')]]
2022-05-19 10:05:174 INFO  ManageDriver :31 - Launching Chrome Browser
2022-05-19 10:05:123 INFO  HomePage :53 - Clicking on SignInHeader: [[ChromeDriver: chrome on WINDOWS (2bb33e6459087cc40bde6a1efd3f70c0)] -> xpath: //a[@class='login']]
2022-05-19 10:05:117 INFO  ManageDriver :31 - Launching Chrome Browser
2022-05-19 10:05:469 INFO  HomePage :53 - Clicking on SignInHeader: [[ChromeDriver: chrome on WINDOWS (0d67ad4eb494fa25f33ad54e888220ef)] -> xpath: //a[@class='login']]
2022-05-19 10:05:534 INFO  SignInPage :52 - Enter email:  to email field [[ChromeDriver: chrome on WINDOWS (0d67ad4eb494fa25f33ad54e888220ef)] -> xpath: //input[@id='email']]
2022-05-19 10:05:578 INFO  SignInPage :55 - Enter Password: 123456 to password field [[ChromeDriver: chrome on WINDOWS (0d67ad4eb494fa25f33ad54e888220ef)] -> xpath: //input[@id='passwd']]
2022-05-19 10:05:742 INFO  SignInPage :61 - Clicking on SignIn: [[ChromeDriver: chrome on WINDOWS (0d67ad4eb494fa25f33ad54e888220ef)] -> xpath: //body[1]/div[1]/div[2]/div[1]/div[3]/div[1]/div[1]/div[2]/form[1]/div[1]/p[2]/button[1]/span[1]]
2022-05-19 10:05:763 INFO  SignInPage :81 - getting Error text from: [[ChromeDriver: chrome on WINDOWS (0d67ad4eb494fa25f33ad54e888220ef)] -> xpath: //div[@class='alert alert-danger']//li]
2022-05-19 10:05:718 INFO  ManageDriver :31 - Launching Chrome Browser
2022-05-19 10:05:948 INFO  HomePage :53 - Clicking on SignInHeader: [[ChromeDriver: chrome on WINDOWS (18244c3a74b210f8d654712e899a49b0)] -> xpath: //a[@class='login']]
2022-05-19 10:05:83 INFO  SignInPage :52 - Enter email: abcd@gmail.com to email field [[ChromeDriver: chrome on WINDOWS (18244c3a74b210f8d654712e899a49b0)] -> xpath: //input[@id='email']]
2022-05-19 10:05:110 INFO  SignInPage :55 - Enter Password:  to password field [[ChromeDriver: chrome on WINDOWS (18244c3a74b210f8d654712e899a49b0)] -> xpath: //input[@id='passwd']]
2022-05-19 10:05:635 INFO  SignInPage :61 - Clicking on SignIn: [[ChromeDriver: chrome on WINDOWS (18244c3a74b210f8d654712e899a49b0)] -> xpath: //body[1]/div[1]/div[2]/div[1]/div[3]/div[1]/div[1]/div[2]/form[1]/div[1]/p[2]/button[1]/span[1]]
2022-05-19 10:05:658 INFO  SignInPage :81 - getting Error text from: [[ChromeDriver: chrome on WINDOWS (18244c3a74b210f8d654712e899a49b0)] -> xpath: //div[@class='alert alert-danger']//li]
2022-05-19 10:05:616 INFO  ManageDriver :31 - Launching Chrome Browser
2022-05-19 10:05:776 INFO  HomePage :53 - Clicking on SignInHeader: [[ChromeDriver: chrome on WINDOWS (8208b33ef24c59016d080e4d582d68c0)] -> xpath: //a[@class='login']]
2022-05-19 10:05:872 INFO  SignInPage :52 - Enter email: adfdfgfg to email field [[ChromeDriver: chrome on WINDOWS (8208b33ef24c59016d080e4d582d68c0)] -> xpath: //input[@id='email']]
2022-05-19 10:05:918 INFO  SignInPage :55 - Enter Password: 123456 to password field [[ChromeDriver: chrome on WINDOWS (8208b33ef24c59016d080e4d582d68c0)] -> xpath: //input[@id='passwd']]
2022-05-19 10:05:100 INFO  SignInPage :61 - Clicking on SignIn: [[ChromeDriver: chrome on WINDOWS (8208b33ef24c59016d080e4d582d68c0)] -> xpath: //body[1]/div[1]/div[2]/div[1]/div[3]/div[1]/div[1]/div[2]/form[1]/div[1]/p[2]/button[1]/span[1]]
2022-05-19 10:05:123 INFO  SignInPage :81 - getting Error text from: [[ChromeDriver: chrome on WINDOWS (8208b33ef24c59016d080e4d582d68c0)] -> xpath: //div[@class='alert alert-danger']//li]
2022-05-19 10:05:05 INFO  ManageDriver :31 - Launching Chrome Browser
2022-05-19 10:05:249 INFO  HomePage :53 - Clicking on SignInHeader: [[ChromeDriver: chrome on WINDOWS (286bcbdbc4c9e1395f95f51bde582a37)] -> xpath: //a[@class='login']]
2022-05-19 10:05:379 INFO  SignInPage :52 - Enter email: abcd@gmail.com to email field [[ChromeDriver: chrome on WINDOWS (286bcbdbc4c9e1395f95f51bde582a37)] -> xpath: //input[@id='email']]
2022-05-19 10:05:398 INFO  SignInPage :55 - Enter Password: 123456 to password field [[ChromeDriver: chrome on WINDOWS (286bcbdbc4c9e1395f95f51bde582a37)] -> xpath: //input[@id='passwd']]
2022-05-19 10:05:636 INFO  SignInPage :61 - Clicking on SignIn: [[ChromeDriver: chrome on WINDOWS (286bcbdbc4c9e1395f95f51bde582a37)] -> xpath: //body[1]/div[1]/div[2]/div[1]/div[3]/div[1]/div[1]/div[2]/form[1]/div[1]/p[2]/button[1]/span[1]]
2022-05-19 10:05:660 INFO  SignInPage :81 - getting Error text from: [[ChromeDriver: chrome on WINDOWS (286bcbdbc4c9e1395f95f51bde582a37)] -> xpath: //div[@class='alert alert-danger']//li]
2022-05-19 10:05:538 INFO  ManageDriver :31 - Launching Chrome Browser
2022-05-19 10:05:968 INFO  HomePage :53 - Clicking on SignInHeader: [[ChromeDriver: chrome on WINDOWS (dad34d716e41f237a8ff7574a4a837c4)] -> xpath: //a[@class='login']]
2022-05-19 10:05:115 INFO  SignInPage :52 - Enter email: Prime456@gmail.com to email field [[ChromeDriver: chrome on WINDOWS (dad34d716e41f237a8ff7574a4a837c4)] -> xpath: //input[@id='email']]
2022-05-19 10:05:134 INFO  SignInPage :55 - Enter Password: Prime456 to password field [[ChromeDriver: chrome on WINDOWS (dad34d716e41f237a8ff7574a4a837c4)] -> xpath: //input[@id='passwd']]
2022-05-19 10:05:117 INFO  SignInPage :61 - Clicking on SignIn: [[ChromeDriver: chrome on WINDOWS (dad34d716e41f237a8ff7574a4a837c4)] -> xpath: //body[1]/div[1]/div[2]/div[1]/div[3]/div[1]/div[1]/div[2]/form[1]/div[1]/p[2]/button[1]/span[1]]
2022-05-19 10:05:183 INFO  SignInPage :89 - getting signout from: Proxy element for: DefaultElementLocator 'By.xpath: //a[@title='Log me out']'
2022-05-19 10:05:504 INFO  ManageDriver :31 - Launching Chrome Browser
2022-05-19 10:05:848 INFO  HomePage :53 - Clicking on SignInHeader: [[ChromeDriver: chrome on WINDOWS (f0143e4cf8eb50957757510c8c998992)] -> xpath: //a[@class='login']]
2022-05-19 10:05:986 INFO  SignInPage :52 - Enter email: Prime456@gail.com to email field [[ChromeDriver: chrome on WINDOWS (f0143e4cf8eb50957757510c8c998992)] -> xpath: //input[@id='email']]
2022-05-19 10:05:13 INFO  SignInPage :55 - Enter Password: Prime456 to password field [[ChromeDriver: chrome on WINDOWS (f0143e4cf8eb50957757510c8c998992)] -> xpath: //input[@id='passwd']]
2022-05-19 10:05:439 INFO  SignInPage :61 - Clicking on SignIn: [[ChromeDriver: chrome on WINDOWS (f0143e4cf8eb50957757510c8c998992)] -> xpath: //body[1]/div[1]/div[2]/div[1]/div[3]/div[1]/div[1]/div[2]/form[1]/div[1]/p[2]/button[1]/span[1]]
2022-05-19 10:05:509 INFO  SignInPage :86 - Clicking on SignOutLink[[ChromeDriver: chrome on WINDOWS (f0143e4cf8eb50957757510c8c998992)] -> xpath: //header/div[2]/div[1]/div[1]/nav[1]/div[2]/a[1]]
2022-05-19 10:05:540 INFO  SignInPage :93 - getting signIn text from: [[ChromeDriver: chrome on WINDOWS (f0143e4cf8eb50957757510c8c998992)] -> xpath: //a[contains(text(),'Sign in')]]
2022-05-19 10:05:585 INFO  ManageDriver :31 - Launching Chrome Browser
2022-05-19 10:05:22 INFO  HomePage :38 - Clicking on WomenHeader: [[ChromeDriver: chrome on WINDOWS (2a6cf6eee4cb6ccdd4d143e49c0d8e64)] -> xpath: //header/div[3]/div[1]/div[1]/div[6]/ul[1]/li[1]/a[1]]
2022-05-19 10:05:47 INFO  WomenCategoryPage :84 - getting Women text from: [[ChromeDriver: chrome on WINDOWS (2a6cf6eee4cb6ccdd4d143e49c0d8e64)] -> xpath: //span[@class='category-name']]
2022-05-19 10:05:999 INFO  ManageDriver :31 - Launching Chrome Browser
2022-05-19 10:05:889 INFO  HomePage :38 - Clicking on WomenHeader: [[ChromeDriver: chrome on WINDOWS (b8aee4ae1915a51c0fa5edb89e80c9e1)] -> xpath: //header/div[3]/div[1]/div[1]/div[6]/ul[1]/li[1]/a[1]]
2022-05-19 10:05:642 INFO  WomenCategoryPage :56 - Clicking on Blouse: [[ChromeDriver: chrome on WINDOWS (b8aee4ae1915a51c0fa5edb89e80c9e1)] -> xpath: //body/div[@id='page']/div[2]/div[1]/div[3]/div[2]/ul[1]/li[2]/div[1]/div[2]/h5[1]/a[1]]
2022-05-19 10:05:662 INFO  ProductPage :72 - Clearing the Quantity: [[ChromeDriver: chrome on WINDOWS (b8aee4ae1915a51c0fa5edb89e80c9e1)] -> xpath: //input[@id='quantity_wanted']]
2022-05-19 10:05:761 INFO  ProductPage :78 - Enter Quantity: 2[[ChromeDriver: chrome on WINDOWS (b8aee4ae1915a51c0fa5edb89e80c9e1)] -> xpath: //input[@id='quantity_wanted']]
2022-05-19 10:05:869 INFO  ProductPage :83 - Selecting Size: M from dropdown [[ChromeDriver: chrome on WINDOWS (b8aee4ae1915a51c0fa5edb89e80c9e1)] -> xpath: //select[@id='group_1']]
2022-05-19 10:05:980 INFO  ProductPage :93 - Clicking on AddToCart: [[ChromeDriver: chrome on WINDOWS (b8aee4ae1915a51c0fa5edb89e80c9e1)] -> xpath: //span[contains(text(),'Add to cart')]]
2022-05-19 10:05:32 INFO  ProductPage :102 - getting Product Added To CartMessage from: [[ChromeDriver: chrome on WINDOWS (b8aee4ae1915a51c0fa5edb89e80c9e1)] -> xpath: //h2[normalize-space()='Product successfully added to your shopping cart']]
2022-05-19 10:05:676 INFO  ManageDriver :31 - Launching Chrome Browser
2022-05-19 10:05:809 INFO  HomePage :38 - Clicking on WomenHeader: [[ChromeDriver: chrome on WINDOWS (8ec591efbafa803fdd44d9bce02b9fce)] -> xpath: //header/div[3]/div[1]/div[1]/div[6]/ul[1]/li[1]/a[1]]
2022-05-19 10:05:836 INFO  WomenCategoryPage :60 - Clicking on Printed Dress: [[ChromeDriver: chrome on WINDOWS (8ec591efbafa803fdd44d9bce02b9fce)] -> xpath: //body/div[@id='page']/div[2]/div[1]/div[3]/div[2]/ul[1]/li[1]/div[1]/div[2]/h5[1]/a[1]]
2022-05-19 10:05:778 INFO  ManageDriver :31 - Launching Chrome Browser
2022-05-19 10:05:53 INFO  ManageDriver :31 - Launching Chrome Browser
2022-05-19 10:05:525 INFO  ManageDriver :31 - Launching Chrome Browser
2022-05-19 10:05:496 INFO  HomePage :53 - Clicking on SignInHeader: [[ChromeDriver: chrome on WINDOWS (31fc50d340940212e16c5a9496e13324)] -> xpath: //a[@class='login']]
2022-05-19 10:05:746 INFO  CreateAccountPage :120 - Enter email: Prime1213@gmail.com[[ChromeDriver: chrome on WINDOWS (31fc50d340940212e16c5a9496e13324)] -> xpath: //input[@id='email_create']]
2022-05-19 10:05:827 INFO  CreateAccountPage :101 - Clicking on CreateAccount: [[ChromeDriver: chrome on WINDOWS (31fc50d340940212e16c5a9496e13324)] -> xpath: //body[1]/div[1]/div[2]/div[1]/div[3]/div[1]/div[1]/div[1]/form[1]/div[1]/div[3]/button[1]/span[1]]
2022-05-19 10:05:250 INFO  CreateAccountPage :106 - Clicking on Gender button: [[ChromeDriver: chrome on WINDOWS (31fc50d340940212e16c5a9496e13324)] -> xpath: //input[@id='id_gender2']]
2022-05-19 10:05:353 INFO  CreateAccountPage :159 - Enter Firstname: Pooja[[ChromeDriver: chrome on WINDOWS (31fc50d340940212e16c5a9496e13324)] -> xpath: //input[@id='firstname']]
2022-05-19 10:05:452 INFO  CreateAccountPage :164 - Enter address Lastname: Patel[[ChromeDriver: chrome on WINDOWS (31fc50d340940212e16c5a9496e13324)] -> xpath: //input[@id='lastname']]
2022-05-19 10:05:544 INFO  CreateAccountPage :129 - Enter Password: Prime456[[ChromeDriver: chrome on WINDOWS (31fc50d340940212e16c5a9496e13324)] -> xpath: //input[@id='passwd']]
2022-05-19 10:05:833 INFO  CreateAccountPage :134 - Selecting day28 from dropdown [[ChromeDriver: chrome on WINDOWS (31fc50d340940212e16c5a9496e13324)] -> xpath: //select[@id='days']]
2022-05-19 10:05:945 INFO  CreateAccountPage :139 - Selecting Month: 12 from dropdown [[ChromeDriver: chrome on WINDOWS (31fc50d340940212e16c5a9496e13324)] -> id: months]
2022-05-19 10:05:36 INFO  CreateAccountPage :144 - Selecting Year: 1999 from dropdown [[ChromeDriver: chrome on WINDOWS (31fc50d340940212e16c5a9496e13324)] -> id: years]
2022-05-19 10:05:136 INFO  CreateAccountPage :110 - Enter firstname: Mrs Pooja[[ChromeDriver: chrome on WINDOWS (31fc50d340940212e16c5a9496e13324)] -> xpath: //input[@id='customer_firstname']]
2022-05-19 10:05:220 INFO  CreateAccountPage :115 - Enter LastName: Patel[[ChromeDriver: chrome on WINDOWS (31fc50d340940212e16c5a9496e13324)] -> xpath: //input[@id='customer_lastname']]
2022-05-19 10:05:345 INFO  CreateAccountPage :169 - Enter address Company: Prime Testing[[ChromeDriver: chrome on WINDOWS (31fc50d340940212e16c5a9496e13324)] -> xpath: //input[@id='company']]
2022-05-19 10:05:433 INFO  CreateAccountPage :174 - Enter address : 10,west town[[ChromeDriver: chrome on WINDOWS (31fc50d340940212e16c5a9496e13324)] -> xpath: //input[@id='address1']]
2022-05-19 10:05:514 INFO  CreateAccountPage :184 - Enter address City: Arizona[[ChromeDriver: chrome on WINDOWS (31fc50d340940212e16c5a9496e13324)] -> xpath: //input[@id='city']]
2022-05-19 10:05:598 INFO  CreateAccountPage :189 - Select address State: Arizona[[ChromeDriver: chrome on WINDOWS (31fc50d340940212e16c5a9496e13324)] -> xpath: //select[@id='id_state']]
2022-05-19 10:05:677 INFO  CreateAccountPage :194 - Enter address ZipCode: 12345[[ChromeDriver: chrome on WINDOWS (31fc50d340940212e16c5a9496e13324)] -> xpath: //input[@id='postcode']]
2022-05-19 10:05:728 INFO  CreateAccountPage :199 - Selecting address Country: United States from dropdown [[ChromeDriver: chrome on WINDOWS (31fc50d340940212e16c5a9496e13324)] -> xpath: //select[@id='id_country']]
2022-05-19 10:05:830 INFO  CreateAccountPage :204 - Enter address AddInfo: Please send the confirmation email.[[ChromeDriver: chrome on WINDOWS (31fc50d340940212e16c5a9496e13324)] -> xpath: //textarea[@id='other']]
2022-05-19 10:05:913 INFO  CreateAccountPage :209 - Enter address Homephone: 9824054322[[ChromeDriver: chrome on WINDOWS (31fc50d340940212e16c5a9496e13324)] -> xpath: //input[@id='phone']]
2022-05-19 10:05:993 INFO  CreateAccountPage :214 - Enter address Mobile phone: 986794322[[ChromeDriver: chrome on WINDOWS (31fc50d340940212e16c5a9496e13324)] -> xpath: //input[@id='phone_mobile']]
2022-05-19 10:05:80 INFO  CreateAccountPage :219 - Enter address for futureRef: 10,Liverpool Street[[ChromeDriver: chrome on WINDOWS (31fc50d340940212e16c5a9496e13324)] -> xpath: //input[@id='alias']]
2022-05-19 10:05:314 INFO  CreateAccountPage :224 - Clicking on Register: [[ChromeDriver: chrome on WINDOWS (31fc50d340940212e16c5a9496e13324)] -> xpath: //body[1]/div[1]/div[2]/div[1]/div[3]/div[1]/div[1]/form[1]/div[4]/button[1]/span[1]]
2022-05-19 10:05:411 INFO  CreateAccountPage :228 - Verifying my account text: Proxy element for: DefaultElementLocator 'By.xpath: //h1[contains(text(),'My account')]'
2022-05-19 10:05:40 INFO  ManageDriver :31 - Launching Chrome Browser
2022-05-19 10:05:450 INFO  HomePage :53 - Clicking on SignInHeader: [[ChromeDriver: chrome on WINDOWS (48917eecc4470fcf033f7825c692e14f)] -> xpath: //a[@class='login']]
2022-05-19 10:05:521 INFO  ManageDriver :31 - Launching Chrome Browser
2022-05-19 10:05:333 INFO  HomePage :53 - Clicking on SignInHeader: [[ChromeDriver: chrome on WINDOWS (7ab28239b6871b3e33ac64ec7b490e19)] -> xpath: //a[@class='login']]
2022-05-19 10:05:513 INFO  SignInPage :52 - Enter email:  to email field [[ChromeDriver: chrome on WINDOWS (7ab28239b6871b3e33ac64ec7b490e19)] -> xpath: //input[@id='email']]
2022-05-19 10:05:536 INFO  SignInPage :55 - Enter Password: 123456 to password field [[ChromeDriver: chrome on WINDOWS (7ab28239b6871b3e33ac64ec7b490e19)] -> xpath: //input[@id='passwd']]
2022-05-19 10:05:84 INFO  SignInPage :61 - Clicking on SignIn: [[ChromeDriver: chrome on WINDOWS (7ab28239b6871b3e33ac64ec7b490e19)] -> xpath: //body[1]/div[1]/div[2]/div[1]/div[3]/div[1]/div[1]/div[2]/form[1]/div[1]/p[2]/button[1]/span[1]]
2022-05-19 10:05:117 INFO  SignInPage :81 - getting Error text from: [[ChromeDriver: chrome on WINDOWS (7ab28239b6871b3e33ac64ec7b490e19)] -> xpath: //div[@class='alert alert-danger']//li]
2022-05-19 10:05:86 INFO  ManageDriver :31 - Launching Chrome Browser
2022-05-19 10:05:604 INFO  HomePage :53 - Clicking on SignInHeader: [[ChromeDriver: chrome on WINDOWS (98747f5235eca370e9cfa4d9a9dbfcc1)] -> xpath: //a[@class='login']]
2022-05-19 10:05:741 INFO  SignInPage :52 - Enter email: abcd@gmail.com to email field [[ChromeDriver: chrome on WINDOWS (98747f5235eca370e9cfa4d9a9dbfcc1)] -> xpath: //input[@id='email']]
2022-05-19 10:05:755 INFO  SignInPage :55 - Enter Password:  to password field [[ChromeDriver: chrome on WINDOWS (98747f5235eca370e9cfa4d9a9dbfcc1)] -> xpath: //input[@id='passwd']]
2022-05-19 10:05:677 INFO  SignInPage :61 - Clicking on SignIn: [[ChromeDriver: chrome on WINDOWS (98747f5235eca370e9cfa4d9a9dbfcc1)] -> xpath: //body[1]/div[1]/div[2]/div[1]/div[3]/div[1]/div[1]/div[2]/form[1]/div[1]/p[2]/button[1]/span[1]]
2022-05-19 10:05:698 INFO  SignInPage :81 - getting Error text from: [[ChromeDriver: chrome on WINDOWS (98747f5235eca370e9cfa4d9a9dbfcc1)] -> xpath: //div[@class='alert alert-danger']//li]
2022-05-19 10:05:673 INFO  ManageDriver :31 - Launching Chrome Browser
2022-05-19 10:05:299 INFO  HomePage :53 - Clicking on SignInHeader: [[ChromeDriver: chrome on WINDOWS (00f5e050ec3521d1de4f307dfbc24a9c)] -> xpath: //a[@class='login']]
2022-05-19 10:05:691 INFO  SignInPage :52 - Enter email: adfdfgfg to email field [[ChromeDriver: chrome on WINDOWS (00f5e050ec3521d1de4f307dfbc24a9c)] -> xpath: //input[@id='email']]
2022-05-19 10:05:714 INFO  SignInPage :55 - Enter Password: 123456 to password field [[ChromeDriver: chrome on WINDOWS (00f5e050ec3521d1de4f307dfbc24a9c)] -> xpath: //input[@id='passwd']]
2022-05-19 10:05:595 INFO  SignInPage :61 - Clicking on SignIn: [[ChromeDriver: chrome on WINDOWS (00f5e050ec3521d1de4f307dfbc24a9c)] -> xpath: //body[1]/div[1]/div[2]/div[1]/div[3]/div[1]/div[1]/div[2]/form[1]/div[1]/p[2]/button[1]/span[1]]
2022-05-19 10:05:616 INFO  SignInPage :81 - getting Error text from: [[ChromeDriver: chrome on WINDOWS (00f5e050ec3521d1de4f307dfbc24a9c)] -> xpath: //div[@class='alert alert-danger']//li]
2022-05-19 10:05:471 INFO  ManageDriver :31 - Launching Chrome Browser
2022-05-19 10:05:375 INFO  HomePage :53 - Clicking on SignInHeader: [[ChromeDriver: chrome on WINDOWS (bc82b323e2be120dd362bfb9701d4c82)] -> xpath: //a[@class='login']]
2022-05-19 10:05:501 INFO  SignInPage :52 - Enter email: abcd@gmail.com to email field [[ChromeDriver: chrome on WINDOWS (bc82b323e2be120dd362bfb9701d4c82)] -> xpath: //input[@id='email']]
2022-05-19 10:05:541 INFO  SignInPage :55 - Enter Password: 123456 to password field [[ChromeDriver: chrome on WINDOWS (bc82b323e2be120dd362bfb9701d4c82)] -> xpath: //input[@id='passwd']]
2022-05-19 10:05:597 INFO  SignInPage :61 - Clicking on SignIn: [[ChromeDriver: chrome on WINDOWS (bc82b323e2be120dd362bfb9701d4c82)] -> xpath: //body[1]/div[1]/div[2]/div[1]/div[3]/div[1]/div[1]/div[2]/form[1]/div[1]/p[2]/button[1]/span[1]]
2022-05-19 10:05:618 INFO  SignInPage :81 - getting Error text from: [[ChromeDriver: chrome on WINDOWS (bc82b323e2be120dd362bfb9701d4c82)] -> xpath: //div[@class='alert alert-danger']//li]
2022-05-19 10:05:631 INFO  ManageDriver :31 - Launching Chrome Browser
2022-05-19 10:05:370 INFO  HomePage :53 - Clicking on SignInHeader: [[ChromeDriver: chrome on WINDOWS (bbc906cca6014ec292e2ba255a21aac5)] -> xpath: //a[@class='login']]
2022-05-19 10:05:485 INFO  SignInPage :52 - Enter email: prime1212@gmail.com to email field [[ChromeDriver: chrome on WINDOWS (bbc906cca6014ec292e2ba255a21aac5)] -> xpath: //input[@id='email']]
2022-05-19 10:05:505 INFO  SignInPage :55 - Enter Password: Prime456 to password field [[ChromeDriver: chrome on WINDOWS (bbc906cca6014ec292e2ba255a21aac5)] -> xpath: //input[@id='passwd']]
2022-05-19 10:05:978 INFO  SignInPage :61 - Clicking on SignIn: [[ChromeDriver: chrome on WINDOWS (bbc906cca6014ec292e2ba255a21aac5)] -> xpath: //body[1]/div[1]/div[2]/div[1]/div[3]/div[1]/div[1]/div[2]/form[1]/div[1]/p[2]/button[1]/span[1]]
2022-05-19 10:05:998 INFO  SignInPage :89 - getting signout from: [[ChromeDriver: chrome on WINDOWS (bbc906cca6014ec292e2ba255a21aac5)] -> xpath: //a[@title='Log me out']]
2022-05-19 10:05:876 INFO  ManageDriver :31 - Launching Chrome Browser
2022-05-19 10:05:435 INFO  HomePage :53 - Clicking on SignInHeader: [[ChromeDriver: chrome on WINDOWS (0e067db3dd1ec124ec4ded675caa83ca)] -> xpath: //a[@class='login']]
2022-05-19 10:05:569 INFO  SignInPage :52 - Enter email: prime1212@gmail.com to email field [[ChromeDriver: chrome on WINDOWS (0e067db3dd1ec124ec4ded675caa83ca)] -> xpath: //input[@id='email']]
2022-05-19 10:05:614 INFO  SignInPage :55 - Enter Password: Prime456 to password field [[ChromeDriver: chrome on WINDOWS (0e067db3dd1ec124ec4ded675caa83ca)] -> xpath: //input[@id='passwd']]
2022-05-19 10:05:901 INFO  SignInPage :61 - Clicking on SignIn: [[ChromeDriver: chrome on WINDOWS (0e067db3dd1ec124ec4ded675caa83ca)] -> xpath: //body[1]/div[1]/div[2]/div[1]/div[3]/div[1]/div[1]/div[2]/form[1]/div[1]/p[2]/button[1]/span[1]]
2022-05-19 10:05:778 INFO  SignInPage :86 - Clicking on SignOutLink[[ChromeDriver: chrome on WINDOWS (0e067db3dd1ec124ec4ded675caa83ca)] -> xpath: //header/div[2]/div[1]/div[1]/nav[1]/div[2]/a[1]]
2022-05-19 10:05:385 INFO  SignInPage :93 - getting signIn text from: [[ChromeDriver: chrome on WINDOWS (0e067db3dd1ec124ec4ded675caa83ca)] -> xpath: //a[contains(text(),'Sign in')]]
2022-05-19 10:05:282 INFO  ManageDriver :31 - Launching Chrome Browser
2022-05-19 10:05:609 INFO  HomePage :38 - Clicking on WomenHeader: [[ChromeDriver: chrome on WINDOWS (867bc1bc514719f63651ad8bcab9d4cb)] -> xpath: //header/div[3]/div[1]/div[1]/div[6]/ul[1]/li[1]/a[1]]
2022-05-19 10:05:629 INFO  WomenCategoryPage :84 - getting Women text from: [[ChromeDriver: chrome on WINDOWS (867bc1bc514719f63651ad8bcab9d4cb)] -> xpath: //span[@class='category-name']]
2022-05-19 10:05:500 INFO  ManageDriver :31 - Launching Chrome Browser
2022-05-19 10:05:347 INFO  HomePage :38 - Clicking on WomenHeader: [[ChromeDriver: chrome on WINDOWS (a12d554eb6036af7602596303091839c)] -> xpath: //header/div[3]/div[1]/div[1]/div[6]/ul[1]/li[1]/a[1]]
2022-05-19 10:05:561 INFO  WomenCategoryPage :56 - Clicking on Blouse: [[ChromeDriver: chrome on WINDOWS (a12d554eb6036af7602596303091839c)] -> xpath: //body/div[@id='page']/div[2]/div[1]/div[3]/div[2]/ul[1]/li[2]/div[1]/div[2]/h5[1]/a[1]]
2022-05-19 10:05:580 INFO  ProductPage :72 - Clearing the Quantity: [[ChromeDriver: chrome on WINDOWS (a12d554eb6036af7602596303091839c)] -> xpath: //input[@id='quantity_wanted']]
2022-05-19 10:05:680 INFO  ProductPage :78 - Enter Quantity: 2[[ChromeDriver: chrome on WINDOWS (a12d554eb6036af7602596303091839c)] -> xpath: //input[@id='quantity_wanted']]
2022-05-19 10:05:802 INFO  ProductPage :83 - Selecting Size: M from dropdown [[ChromeDriver: chrome on WINDOWS (a12d554eb6036af7602596303091839c)] -> xpath: //select[@id='group_1']]
2022-05-19 10:05:883 INFO  ProductPage :93 - Clicking on AddToCart: [[ChromeDriver: chrome on WINDOWS (a12d554eb6036af7602596303091839c)] -> xpath: //span[contains(text(),'Add to cart')]]
2022-05-19 10:05:910 INFO  ProductPage :102 - getting Product Added To CartMessage from: [[ChromeDriver: chrome on WINDOWS (a12d554eb6036af7602596303091839c)] -> xpath: //h2[normalize-space()='Product successfully added to your shopping cart']]
2022-05-19 10:05:212 INFO  ManageDriver :31 - Launching Chrome Browser
2022-05-19 11:05:816 INFO  HomePage :38 - Clicking on WomenHeader: [[ChromeDriver: chrome on WINDOWS (0053d87007d68b3c038b87b621304bb8)] -> xpath: //header/div[3]/div[1]/div[1]/div[6]/ul[1]/li[1]/a[1]]
2022-05-19 11:05:834 INFO  WomenCategoryPage :60 - Clicking on Printed Dress: [[ChromeDriver: chrome on WINDOWS (0053d87007d68b3c038b87b621304bb8)] -> xpath: //body/div[@id='page']/div[2]/div[1]/div[3]/div[2]/ul[1]/li[1]/div[1]/div[2]/h5[1]/a[1]]
2022-05-19 11:05:943 INFO  ProductPage :72 - Clearing the Quantity: [[ChromeDriver: chrome on WINDOWS (0053d87007d68b3c038b87b621304bb8)] -> xpath: //input[@id='quantity_wanted']]
2022-05-19 11:05:37 INFO  ProductPage :78 - Enter Quantity: 3[[ChromeDriver: chrome on WINDOWS (0053d87007d68b3c038b87b621304bb8)] -> xpath: //input[@id='quantity_wanted']]
2022-05-19 11:05:145 INFO  ProductPage :83 - Selecting Size: L from dropdown [[ChromeDriver: chrome on WINDOWS (0053d87007d68b3c038b87b621304bb8)] -> xpath: //select[@id='group_1']]
2022-05-19 11:05:218 INFO  ProductPage :93 - Clicking on AddToCart: [[ChromeDriver: chrome on WINDOWS (0053d87007d68b3c038b87b621304bb8)] -> xpath: //span[contains(text(),'Add to cart')]]
2022-05-19 11:05:251 INFO  ProductPage :102 - getting Product Added To CartMessage from: [[ChromeDriver: chrome on WINDOWS (0053d87007d68b3c038b87b621304bb8)] -> xpath: //h2[normalize-space()='Product successfully added to your shopping cart']]
2022-05-19 11:05:392 INFO  ManageDriver :31 - Launching Chrome Browser
2022-05-19 11:05:869 INFO  HomePage :38 - Clicking on WomenHeader: [[ChromeDriver: chrome on WINDOWS (d6c37d796127e5fbeb5053dcda4863b5)] -> xpath: //header/div[3]/div[1]/div[1]/div[6]/ul[1]/li[1]/a[1]]
2022-05-19 11:05:67 INFO  WomenCategoryPage :65 - Clicking on Printed Chiffon Dress: [[ChromeDriver: chrome on WINDOWS (d6c37d796127e5fbeb5053dcda4863b5)] -> xpath: //a[contains(text(),'Printed Chiffon Dress')]]
2022-05-19 11:05:90 INFO  ProductPage :72 - Clearing the Quantity: [[ChromeDriver: chrome on WINDOWS (d6c37d796127e5fbeb5053dcda4863b5)] -> xpath: //input[@id='quantity_wanted']]
2022-05-19 11:05:174 INFO  ProductPage :78 - Enter Quantity: 4[[ChromeDriver: chrome on WINDOWS (d6c37d796127e5fbeb5053dcda4863b5)] -> xpath: //input[@id='quantity_wanted']]
2022-05-19 11:05:223 INFO  ProductPage :83 - Selecting Size: S from dropdown [[ChromeDriver: chrome on WINDOWS (d6c37d796127e5fbeb5053dcda4863b5)] -> xpath: //select[@id='group_1']]
2022-05-19 11:05:284 INFO  ProductPage :93 - Clicking on AddToCart: [[ChromeDriver: chrome on WINDOWS (d6c37d796127e5fbeb5053dcda4863b5)] -> xpath: //span[contains(text(),'Add to cart')]]
2022-05-19 11:05:300 INFO  ProductPage :102 - getting Product Added To CartMessage from: [[ChromeDriver: chrome on WINDOWS (d6c37d796127e5fbeb5053dcda4863b5)] -> xpath: //h2[normalize-space()='Product successfully added to your shopping cart']]
2022-05-19 11:05:435 INFO  ManageDriver :31 - Launching Chrome Browser
2022-05-19 11:05:13 INFO  HomePage :38 - Clicking on WomenHeader: [[ChromeDriver: chrome on WINDOWS (4939bdb07070f5323e37ed2e376a9a07)] -> xpath: //header/div[3]/div[1]/div[1]/div[6]/ul[1]/li[1]/a[1]]
2022-05-19 11:05:704 INFO  WomenCategoryPage :69 - Clicking on Printed Summer Dress with Price tag $28.98: [[ChromeDriver: chrome on WINDOWS (4939bdb07070f5323e37ed2e376a9a07)] -> xpath: //body/div[@id='page']/div[2]/div[1]/div[3]/div[2]/ul[1]/li[3]/div[1]/div[2]/h5[1]/a[1]]
2022-05-19 11:05:737 INFO  ProductPage :72 - Clearing the Quantity: [[ChromeDriver: chrome on WINDOWS (4939bdb07070f5323e37ed2e376a9a07)] -> xpath: //input[@id='quantity_wanted']]
2022-05-19 11:05:254 INFO  ProductPage :78 - Enter Quantity: 2[[ChromeDriver: chrome on WINDOWS (4939bdb07070f5323e37ed2e376a9a07)] -> xpath: //input[@id='quantity_wanted']]
2022-05-19 11:05:720 INFO  ProductPage :83 - Selecting Size: M from dropdown [[ChromeDriver: chrome on WINDOWS (4939bdb07070f5323e37ed2e376a9a07)] -> xpath: //select[@id='group_1']]
2022-05-19 11:05:917 INFO  ProductPage :93 - Clicking on AddToCart: [[ChromeDriver: chrome on WINDOWS (4939bdb07070f5323e37ed2e376a9a07)] -> xpath: //span[contains(text(),'Add to cart')]]
2022-05-19 11:05:949 INFO  ProductPage :102 - getting Product Added To CartMessage from: [[ChromeDriver: chrome on WINDOWS (4939bdb07070f5323e37ed2e376a9a07)] -> xpath: //h2[normalize-space()='Product successfully added to your shopping cart']]
2022-05-19 13:05:113 INFO  ManageDriver :31 - Launching Chrome Browser
2022-05-19 13:05:262 INFO  HomePage :38 - Clicking on WomenHeader: [[ChromeDriver: chrome on WINDOWS (52ce7334146e613b7d5e2ee02140a9fe)] -> xpath: //header/div[3]/div[1]/div[1]/div[6]/ul[1]/li[1]/a[1]]
2022-05-19 13:05:303 INFO  WomenCategoryPage :84 - getting Women text from: [[ChromeDriver: chrome on WINDOWS (52ce7334146e613b7d5e2ee02140a9fe)] -> xpath: //span[@class='category-name']]
2022-05-19 13:05:214 INFO  ManageDriver :31 - Launching Chrome Browser
2022-05-19 13:05:215 INFO  HomePage :38 - Clicking on WomenHeader: [[ChromeDriver: chrome on WINDOWS (5efc2d330ba4742fa93fd251c3af67ea)] -> xpath: //header/div[3]/div[1]/div[1]/div[6]/ul[1]/li[1]/a[1]]
2022-05-19 13:05:644 INFO  WomenCategoryPage :56 - Clicking on Blouse: [[ChromeDriver: chrome on WINDOWS (5efc2d330ba4742fa93fd251c3af67ea)] -> xpath: //body/div[@id='page']/div[2]/div[1]/div[3]/div[2]/ul[1]/li[2]/div[1]/div[2]/h5[1]/a[1]]
2022-05-19 13:05:669 INFO  ProductPage :72 - Clearing the Quantity: [[ChromeDriver: chrome on WINDOWS (5efc2d330ba4742fa93fd251c3af67ea)] -> xpath: //input[@id='quantity_wanted']]
2022-05-19 13:05:855 INFO  ProductPage :78 - Enter Quantity: 2[[ChromeDriver: chrome on WINDOWS (5efc2d330ba4742fa93fd251c3af67ea)] -> xpath: //input[@id='quantity_wanted']]
2022-05-19 13:05:12 INFO  ProductPage :83 - Selecting Size: M from dropdown [[ChromeDriver: chrome on WINDOWS (5efc2d330ba4742fa93fd251c3af67ea)] -> xpath: //select[@id='group_1']]
2022-05-19 13:05:91 INFO  ProductPage :93 - Clicking on AddToCart: [[ChromeDriver: chrome on WINDOWS (5efc2d330ba4742fa93fd251c3af67ea)] -> xpath: //span[contains(text(),'Add to cart')]]
2022-05-19 13:05:426 INFO  ProductPage :102 - getting Product Added To CartMessage from: [[ChromeDriver: chrome on WINDOWS (5efc2d330ba4742fa93fd251c3af67ea)] -> xpath: //h2[normalize-space()='Product successfully added to your shopping cart']]
2022-05-19 13:05:933 INFO  ManageDriver :31 - Launching Chrome Browser
2022-05-19 13:05:95 INFO  HomePage :38 - Clicking on WomenHeader: [[ChromeDriver: chrome on WINDOWS (ea1e527f14f6a46c03deff34ee2507ea)] -> xpath: //header/div[3]/div[1]/div[1]/div[6]/ul[1]/li[1]/a[1]]
2022-05-19 13:05:119 INFO  WomenCategoryPage :60 - Clicking on Printed Dress: [[ChromeDriver: chrome on WINDOWS (ea1e527f14f6a46c03deff34ee2507ea)] -> xpath: //body/div[@id='page']/div[2]/div[1]/div[3]/div[2]/ul[1]/li[1]/div[1]/div[2]/h5[1]/a[1]]
2022-05-19 13:05:515 INFO  ProductPage :72 - Clearing the Quantity: [[ChromeDriver: chrome on WINDOWS (ea1e527f14f6a46c03deff34ee2507ea)] -> xpath: //input[@id='quantity_wanted']]
2022-05-19 13:05:597 INFO  ProductPage :78 - Enter Quantity: 3[[ChromeDriver: chrome on WINDOWS (ea1e527f14f6a46c03deff34ee2507ea)] -> xpath: //input[@id='quantity_wanted']]
2022-05-19 13:05:721 INFO  ProductPage :83 - Selecting Size: L from dropdown [[ChromeDriver: chrome on WINDOWS (ea1e527f14f6a46c03deff34ee2507ea)] -> xpath: //select[@id='group_1']]
2022-05-19 13:05:792 INFO  ProductPage :93 - Clicking on AddToCart: [[ChromeDriver: chrome on WINDOWS (ea1e527f14f6a46c03deff34ee2507ea)] -> xpath: //span[contains(text(),'Add to cart')]]
2022-05-19 13:05:120 INFO  ProductPage :102 - getting Product Added To CartMessage from: [[ChromeDriver: chrome on WINDOWS (ea1e527f14f6a46c03deff34ee2507ea)] -> xpath: //h2[normalize-space()='Product successfully added to your shopping cart']]
2022-05-19 13:05:522 INFO  ManageDriver :31 - Launching Chrome Browser
2022-05-19 13:05:827 INFO  HomePage :38 - Clicking on WomenHeader: [[ChromeDriver: chrome on WINDOWS (a18ff08ded79498abdda30169eadc81e)] -> xpath: //header/div[3]/div[1]/div[1]/div[6]/ul[1]/li[1]/a[1]]
2022-05-19 13:05:443 INFO  WomenCategoryPage :65 - Clicking on Printed Chiffon Dress: [[ChromeDriver: chrome on WINDOWS (a18ff08ded79498abdda30169eadc81e)] -> xpath: //a[contains(text(),'Printed Chiffon Dress')]]
2022-05-19 13:05:467 INFO  ProductPage :72 - Clearing the Quantity: [[ChromeDriver: chrome on WINDOWS (a18ff08ded79498abdda30169eadc81e)] -> xpath: //input[@id='quantity_wanted']]
2022-05-19 13:05:551 INFO  ProductPage :78 - Enter Quantity: 4[[ChromeDriver: chrome on WINDOWS (a18ff08ded79498abdda30169eadc81e)] -> xpath: //input[@id='quantity_wanted']]
2022-05-19 13:05:602 INFO  ProductPage :83 - Selecting Size: S from dropdown [[ChromeDriver: chrome on WINDOWS (a18ff08ded79498abdda30169eadc81e)] -> xpath: //select[@id='group_1']]
2022-05-19 13:05:662 INFO  ProductPage :93 - Clicking on AddToCart: [[ChromeDriver: chrome on WINDOWS (a18ff08ded79498abdda30169eadc81e)] -> xpath: //span[contains(text(),'Add to cart')]]
2022-05-19 13:05:998 INFO  ProductPage :102 - getting Product Added To CartMessage from: [[ChromeDriver: chrome on WINDOWS (a18ff08ded79498abdda30169eadc81e)] -> xpath: //h2[normalize-space()='Product successfully added to your shopping cart']]
2022-05-19 13:05:61 INFO  ManageDriver :31 - Launching Chrome Browser
2022-05-19 13:05:965 INFO  HomePage :38 - Clicking on WomenHeader: [[ChromeDriver: chrome on WINDOWS (a2b4e44c38fa6d8203af97f5a3895ca5)] -> xpath: //header/div[3]/div[1]/div[1]/div[6]/ul[1]/li[1]/a[1]]
2022-05-19 13:05:538 INFO  WomenCategoryPage :69 - Clicking on Printed Summer Dress with Price tag $28.98: [[ChromeDriver: chrome on WINDOWS (a2b4e44c38fa6d8203af97f5a3895ca5)] -> xpath: //body/div[@id='page']/div[2]/div[1]/div[3]/div[2]/ul[1]/li[3]/div[1]/div[2]/h5[1]/a[1]]
2022-05-19 13:05:557 INFO  ProductPage :72 - Clearing the Quantity: [[ChromeDriver: chrome on WINDOWS (a2b4e44c38fa6d8203af97f5a3895ca5)] -> xpath: //input[@id='quantity_wanted']]
2022-05-19 13:05:661 INFO  ProductPage :78 - Enter Quantity: 2[[ChromeDriver: chrome on WINDOWS (a2b4e44c38fa6d8203af97f5a3895ca5)] -> xpath: //input[@id='quantity_wanted']]
2022-05-19 13:05:755 INFO  ProductPage :83 - Selecting Size: M from dropdown [[ChromeDriver: chrome on WINDOWS (a2b4e44c38fa6d8203af97f5a3895ca5)] -> xpath: //select[@id='group_1']]
2022-05-19 13:05:820 INFO  ProductPage :93 - Clicking on AddToCart: [[ChromeDriver: chrome on WINDOWS (a2b4e44c38fa6d8203af97f5a3895ca5)] -> xpath: //span[contains(text(),'Add to cart')]]
2022-05-19 13:05:157 INFO  ProductPage :102 - getting Product Added To CartMessage from: [[ChromeDriver: chrome on WINDOWS (a2b4e44c38fa6d8203af97f5a3895ca5)] -> xpath: //h2[normalize-space()='Product successfully added to your shopping cart']]
2022-05-19 13:05:423 INFO  ManageDriver :31 - Launching Chrome Browser
2022-05-19 13:05:723 INFO  HomePage :38 - Clicking on WomenHeader: [[ChromeDriver: chrome on WINDOWS (863218a1dfcb578e31cd5f46f7596c7f)] -> xpath: //header/div[3]/div[1]/div[1]/div[6]/ul[1]/li[1]/a[1]]
2022-05-19 13:05:327 INFO  WomenCategoryPage :84 - getting Women text from: [[ChromeDriver: chrome on WINDOWS (863218a1dfcb578e31cd5f46f7596c7f)] -> xpath: //span[@class='category-name']]
2022-05-19 13:05:750 INFO  ManageDriver :31 - Launching Chrome Browser
2022-05-19 13:05:631 INFO  HomePage :38 - Clicking on WomenHeader: [[ChromeDriver: chrome on WINDOWS (9306174bba831010b6405edb63cecef9)] -> xpath: //header/div[3]/div[1]/div[1]/div[6]/ul[1]/li[1]/a[1]]
2022-05-19 13:05:213 INFO  WomenCategoryPage :56 - Clicking on Blouse: [[ChromeDriver: chrome on WINDOWS (9306174bba831010b6405edb63cecef9)] -> xpath: //body/div[@id='page']/div[2]/div[1]/div[3]/div[2]/ul[1]/li[2]/div[1]/div[2]/h5[1]/a[1]]
2022-05-19 13:05:242 INFO  ProductPage :72 - Clearing the Quantity: [[ChromeDriver: chrome on WINDOWS (9306174bba831010b6405edb63cecef9)] -> xpath: //input[@id='quantity_wanted']]
2022-05-19 13:05:623 INFO  ProductPage :78 - Enter Quantity: 2[[ChromeDriver: chrome on WINDOWS (9306174bba831010b6405edb63cecef9)] -> xpath: //input[@id='quantity_wanted']]
2022-05-19 13:05:179 INFO  ProductPage :83 - Selecting Size: M from dropdown [[ChromeDriver: chrome on WINDOWS (9306174bba831010b6405edb63cecef9)] -> xpath: //select[@id='group_1']]
2022-05-19 13:05:272 INFO  ProductPage :93 - Clicking on AddToCart: [[ChromeDriver: chrome on WINDOWS (9306174bba831010b6405edb63cecef9)] -> xpath: //span[contains(text(),'Add to cart')]]
2022-05-19 13:05:635 INFO  ProductPage :102 - getting Product Added To CartMessage from: [[ChromeDriver: chrome on WINDOWS (9306174bba831010b6405edb63cecef9)] -> xpath: //div[@class='layer_cart_product col-xs-12 col-md-6']]
2022-05-19 13:05:724 INFO  ProductPage :107 - Clicking on CloseButton: [[ChromeDriver: chrome on WINDOWS (9306174bba831010b6405edb63cecef9)] -> xpath: //header/div[3]/div[1]/div[1]/div[4]/div[1]/div[1]/span[1]]
2022-05-19 13:05:77 INFO  ManageDriver :31 - Launching Chrome Browser
2022-05-19 13:05:554 INFO  HomePage :38 - Clicking on WomenHeader: [[ChromeDriver: chrome on WINDOWS (c1a9c10997ea0b48f055e72730ac9e72)] -> xpath: //header/div[3]/div[1]/div[1]/div[6]/ul[1]/li[1]/a[1]]
2022-05-19 13:05:579 INFO  WomenCategoryPage :60 - Clicking on Printed Dress: [[ChromeDriver: chrome on WINDOWS (c1a9c10997ea0b48f055e72730ac9e72)] -> xpath: //body/div[@id='page']/div[2]/div[1]/div[3]/div[2]/ul[1]/li[1]/div[1]/div[2]/h5[1]/a[1]]
2022-05-19 13:05:157 INFO  ProductPage :72 - Clearing the Quantity: [[ChromeDriver: chrome on WINDOWS (c1a9c10997ea0b48f055e72730ac9e72)] -> xpath: //input[@id='quantity_wanted']]
2022-05-19 13:05:264 INFO  ProductPage :78 - Enter Quantity: 3[[ChromeDriver: chrome on WINDOWS (c1a9c10997ea0b48f055e72730ac9e72)] -> xpath: //input[@id='quantity_wanted']]
2022-05-19 13:05:444 INFO  ProductPage :83 - Selecting Size: L from dropdown [[ChromeDriver: chrome on WINDOWS (c1a9c10997ea0b48f055e72730ac9e72)] -> xpath: //select[@id='group_1']]
2022-05-19 13:05:540 INFO  ProductPage :93 - Clicking on AddToCart: [[ChromeDriver: chrome on WINDOWS (c1a9c10997ea0b48f055e72730ac9e72)] -> xpath: //span[contains(text(),'Add to cart')]]
2022-05-19 13:05:878 INFO  ProductPage :102 - getting Product Added To CartMessage from: [[ChromeDriver: chrome on WINDOWS (c1a9c10997ea0b48f055e72730ac9e72)] -> xpath: //div[@class='layer_cart_product col-xs-12 col-md-6']]
2022-05-19 13:05:65 INFO  ProductPage :107 - Clicking on CloseButton: [[ChromeDriver: chrome on WINDOWS (c1a9c10997ea0b48f055e72730ac9e72)] -> xpath: //header/div[3]/div[1]/div[1]/div[4]/div[1]/div[1]/span[1]]
2022-05-19 13:05:88 INFO  ManageDriver :31 - Launching Chrome Browser
2022-05-19 13:05:363 INFO  HomePage :38 - Clicking on WomenHeader: [[ChromeDriver: chrome on WINDOWS (b817936c835d55af0c6a7e102516ec09)] -> xpath: //header/div[3]/div[1]/div[1]/div[6]/ul[1]/li[1]/a[1]]
2022-05-19 13:05:195 INFO  WomenCategoryPage :65 - Clicking on Printed Chiffon Dress: [[ChromeDriver: chrome on WINDOWS (b817936c835d55af0c6a7e102516ec09)] -> xpath: //a[contains(text(),'Printed Chiffon Dress')]]
2022-05-19 13:05:226 INFO  ProductPage :72 - Clearing the Quantity: [[ChromeDriver: chrome on WINDOWS (b817936c835d55af0c6a7e102516ec09)] -> xpath: //input[@id='quantity_wanted']]
2022-05-19 13:05:330 INFO  ProductPage :78 - Enter Quantity: 4[[ChromeDriver: chrome on WINDOWS (b817936c835d55af0c6a7e102516ec09)] -> xpath: //input[@id='quantity_wanted']]
2022-05-19 13:05:395 INFO  ProductPage :83 - Selecting Size: S from dropdown [[ChromeDriver: chrome on WINDOWS (b817936c835d55af0c6a7e102516ec09)] -> xpath: //select[@id='group_1']]
2022-05-19 13:05:487 INFO  ProductPage :93 - Clicking on AddToCart: [[ChromeDriver: chrome on WINDOWS (b817936c835d55af0c6a7e102516ec09)] -> xpath: //span[contains(text(),'Add to cart')]]
2022-05-19 13:05:826 INFO  ProductPage :102 - getting Product Added To CartMessage from: [[ChromeDriver: chrome on WINDOWS (b817936c835d55af0c6a7e102516ec09)] -> xpath: //div[@class='layer_cart_product col-xs-12 col-md-6']]
2022-05-19 13:05:228 INFO  ProductPage :107 - Clicking on CloseButton: [[ChromeDriver: chrome on WINDOWS (b817936c835d55af0c6a7e102516ec09)] -> xpath: //header/div[3]/div[1]/div[1]/div[4]/div[1]/div[1]/span[1]]
2022-05-19 13:05:183 INFO  ManageDriver :31 - Launching Chrome Browser
2022-05-19 13:05:977 INFO  HomePage :38 - Clicking on WomenHeader: [[ChromeDriver: chrome on WINDOWS (377431e63bd5959667dcac09bb3f25f7)] -> xpath: //header/div[3]/div[1]/div[1]/div[6]/ul[1]/li[1]/a[1]]
2022-05-19 13:05:142 INFO  WomenCategoryPage :69 - Clicking on Printed Summer Dress with Price tag $28.98: [[ChromeDriver: chrome on WINDOWS (377431e63bd5959667dcac09bb3f25f7)] -> xpath: //body/div[@id='page']/div[2]/div[1]/div[3]/div[2]/ul[1]/li[3]/div[1]/div[2]/h5[1]/a[1]]
2022-05-19 13:05:168 INFO  ProductPage :72 - Clearing the Quantity: [[ChromeDriver: chrome on WINDOWS (377431e63bd5959667dcac09bb3f25f7)] -> xpath: //input[@id='quantity_wanted']]
2022-05-19 13:05:285 INFO  ProductPage :78 - Enter Quantity: 2[[ChromeDriver: chrome on WINDOWS (377431e63bd5959667dcac09bb3f25f7)] -> xpath: //input[@id='quantity_wanted']]
2022-05-19 13:05:472 INFO  ProductPage :83 - Selecting Size: M from dropdown [[ChromeDriver: chrome on WINDOWS (377431e63bd5959667dcac09bb3f25f7)] -> xpath: //select[@id='group_1']]
2022-05-19 13:05:557 INFO  ProductPage :93 - Clicking on AddToCart: [[ChromeDriver: chrome on WINDOWS (377431e63bd5959667dcac09bb3f25f7)] -> xpath: //span[contains(text(),'Add to cart')]]
2022-05-19 13:05:898 INFO  ProductPage :102 - getting Product Added To CartMessage from: [[ChromeDriver: chrome on WINDOWS (377431e63bd5959667dcac09bb3f25f7)] -> xpath: //div[@class='layer_cart_product col-xs-12 col-md-6']]
2022-05-19 13:05:554 INFO  ProductPage :107 - Clicking on CloseButton: [[ChromeDriver: chrome on WINDOWS (377431e63bd5959667dcac09bb3f25f7)] -> xpath: //header/div[3]/div[1]/div[1]/div[4]/div[1]/div[1]/span[1]]
